CRITICAL - 2022-01-26 01:55:37 --> The framework needs the following extension(s) installed and loaded: intl.
#0 C:\xampp\htdocs\tienda2\system\CodeIgniter.php(219): CodeIgniter\Exceptions\FrameworkException::forMissingExtension('intl')
#1 C:\xampp\htdocs\tienda2\system\CodeIgniter.php(177): CodeIgniter\CodeIgniter->resolvePlatformExtensions()
#2 C:\xampp\htdocs\tienda2\system\bootstrap.php(146): CodeIgniter\CodeIgniter->initialize()
#3 C:\xampp\htdocs\tienda2\public\index.php(28): require('C:\\xampp\\htdocs...')
#4 {main}
CRITICAL - 2022-01-26 01:56:10 --> The framework needs the following extension(s) installed and loaded: intl.
#0 C:\xampp\htdocs\tienda2\system\CodeIgniter.php(219): CodeIgniter\Exceptions\FrameworkException::forMissingExtension('intl')
#1 C:\xampp\htdocs\tienda2\system\CodeIgniter.php(177): CodeIgniter\CodeIgniter->resolvePlatformExtensions()
#2 C:\xampp\htdocs\tienda2\system\bootstrap.php(146): CodeIgniter\CodeIgniter->initialize()
#3 C:\xampp\htdocs\tienda2\public\index.php(28): require('C:\\xampp\\htdocs...')
#4 {main}
CRITICAL - 2022-01-26 01:56:19 --> The framework needs the following extension(s) installed and loaded: intl.
#0 C:\xampp\htdocs\tienda2\system\CodeIgniter.php(219): CodeIgniter\Exceptions\FrameworkException::forMissingExtension('intl')
#1 C:\xampp\htdocs\tienda2\system\CodeIgniter.php(177): CodeIgniter\CodeIgniter->resolvePlatformExtensions()
#2 C:\xampp\htdocs\tienda2\system\bootstrap.php(146): CodeIgniter\CodeIgniter->initialize()
#3 C:\xampp\htdocs\tienda2\public\index.php(28): require('C:\\xampp\\htdocs...')
#4 {main}
CRITICAL - 2022-01-26 01:57:39 --> The framework needs the following extension(s) installed and loaded: intl.
#0 C:\xampp\htdocs\tienda2\system\CodeIgniter.php(219): CodeIgniter\Exceptions\FrameworkException::forMissingExtension('intl')
#1 C:\xampp\htdocs\tienda2\system\CodeIgniter.php(177): CodeIgniter\CodeIgniter->resolvePlatformExtensions()
#2 C:\xampp\htdocs\tienda2\system\bootstrap.php(146): CodeIgniter\CodeIgniter->initialize()
#3 C:\xampp\htdocs\tienda2\public\index.php(28): require('C:\\xampp\\htdocs...')
#4 {main}
CRITICAL - 2022-01-26 01:57:57 --> The framework needs the following extension(s) installed and loaded: intl.
#0 C:\xampp\htdocs\tienda2\system\CodeIgniter.php(219): CodeIgniter\Exceptions\FrameworkException::forMissingExtension('intl')
#1 C:\xampp\htdocs\tienda2\system\CodeIgniter.php(177): CodeIgniter\CodeIgniter->resolvePlatformExtensions()
#2 C:\xampp\htdocs\tienda2\system\bootstrap.php(146): CodeIgniter\CodeIgniter->initialize()
#3 C:\xampp\htdocs\tienda2\public\index.php(28): require('C:\\xampp\\htdocs...')
#4 {main}
CRITICAL - 2022-01-26 01:58:14 --> The framework needs the following extension(s) installed and loaded: intl.
#0 C:\xampp\htdocs\tienda2\system\CodeIgniter.php(219): CodeIgniter\Exceptions\FrameworkException::forMissingExtension('intl')
#1 C:\xampp\htdocs\tienda2\system\CodeIgniter.php(177): CodeIgniter\CodeIgniter->resolvePlatformExtensions()
#2 C:\xampp\htdocs\tienda2\system\bootstrap.php(146): CodeIgniter\CodeIgniter->initialize()
#3 C:\xampp\htdocs\tienda2\public\index.php(28): require('C:\\xampp\\htdocs...')
#4 {main}
CRITICAL - 2022-01-26 02:00:53 --> The framework needs the following extension(s) installed and loaded: intl.
#0 C:\xampp\htdocs\tienda2\system\CodeIgniter.php(219): CodeIgniter\Exceptions\FrameworkException::forMissingExtension('intl')
#1 C:\xampp\htdocs\tienda2\system\CodeIgniter.php(177): CodeIgniter\CodeIgniter->resolvePlatformExtensions()
#2 C:\xampp\htdocs\tienda2\system\bootstrap.php(146): CodeIgniter\CodeIgniter->initialize()
#3 C:\xampp\htdocs\tienda2\public\index.php(28): require('C:\\xampp\\htdocs...')
#4 {main}
CRITICAL - 2022-01-26 02:03:18 --> The framework needs the following extension(s) installed and loaded: intl.
#0 C:\xampp\htdocs\tienda2\system\CodeIgniter.php(219): CodeIgniter\Exceptions\FrameworkException::forMissingExtension('intl')
#1 C:\xampp\htdocs\tienda2\system\CodeIgniter.php(177): CodeIgniter\CodeIgniter->resolvePlatformExtensions()
#2 C:\xampp\htdocs\tienda2\system\bootstrap.php(146): CodeIgniter\CodeIgniter->initialize()
#3 C:\xampp\htdocs\tienda2\public\index.php(28): require('C:\\xampp\\htdocs...')
#4 {main}
CRITICAL - 2022-01-26 02:03:19 --> The framework needs the following extension(s) installed and loaded: intl.
#0 C:\xampp\htdocs\tienda2\system\CodeIgniter.php(219): CodeIgniter\Exceptions\FrameworkException::forMissingExtension('intl')
#1 C:\xampp\htdocs\tienda2\system\CodeIgniter.php(177): CodeIgniter\CodeIgniter->resolvePlatformExtensions()
#2 C:\xampp\htdocs\tienda2\system\bootstrap.php(146): CodeIgniter\CodeIgniter->initialize()
#3 C:\xampp\htdocs\tienda2\public\index.php(28): require('C:\\xampp\\htdocs...')
#4 {main}
CRITICAL - 2022-01-26 02:03:20 --> The framework needs the following extension(s) installed and loaded: intl.
#0 C:\xampp\htdocs\tienda2\system\CodeIgniter.php(219): CodeIgniter\Exceptions\FrameworkException::forMissingExtension('intl')
#1 C:\xampp\htdocs\tienda2\system\CodeIgniter.php(177): CodeIgniter\CodeIgniter->resolvePlatformExtensions()
#2 C:\xampp\htdocs\tienda2\system\bootstrap.php(146): CodeIgniter\CodeIgniter->initialize()
#3 C:\xampp\htdocs\tienda2\public\index.php(28): require('C:\\xampp\\htdocs...')
#4 {main}
CRITICAL - 2022-01-26 02:07:14 --> The framework needs the following extension(s) installed and loaded: intl.
#0 C:\xampp\htdocs\tienda2\system\CodeIgniter.php(219): CodeIgniter\Exceptions\FrameworkException::forMissingExtension('intl')
#1 C:\xampp\htdocs\tienda2\system\CodeIgniter.php(177): CodeIgniter\CodeIgniter->resolvePlatformExtensions()
#2 C:\xampp\htdocs\tienda2\system\bootstrap.php(146): CodeIgniter\CodeIgniter->initialize()
#3 C:\xampp\htdocs\tienda2\public\index.php(28): require('C:\\xampp\\htdocs...')
#4 {main}
CRITICAL - 2022-01-26 02:09:53 --> The framework needs the following extension(s) installed and loaded: intl.
#0 C:\xampp\htdocs\tienda2\system\CodeIgniter.php(219): CodeIgniter\Exceptions\FrameworkException::forMissingExtension('intl')
#1 C:\xampp\htdocs\tienda2\system\CodeIgniter.php(177): CodeIgniter\CodeIgniter->resolvePlatformExtensions()
#2 C:\xampp\htdocs\tienda2\system\bootstrap.php(146): CodeIgniter\CodeIgniter->initialize()
#3 C:\xampp\htdocs\tienda2\public\index.php(28): require('C:\\xampp\\htdocs...')
#4 {main}
