CRITICAL - 2022-01-30 07:07:27 --> syntax error, unexpected token "=>"
#0 C:\xampp\htdocs\tienda2\system\Router\Router.php(176): CodeIgniter\Router\Router->autoRoute('principal/login')
#1 C:\xampp\htdocs\tienda2\system\CodeIgniter.php(718): CodeIgniter\Router\Router->handle('principal/login')
#2 C:\xampp\htdocs\tienda2\system\CodeIgniter.php(359): CodeIgniter\CodeIgniter->tryToRouteIt(Object(CodeIgniter\Router\RouteCollection))
#3 C:\xampp\htdocs\tienda2\system\CodeIgniter.php(318): CodeIgniter\CodeIgniter->handleRequest(NULL, Object(Config\Cache), false)
#4 C:\xampp\htdocs\tienda2\public\index.php(37): CodeIgniter\CodeIgniter->run()
#5 {main}
CRITICAL - 2022-01-30 07:07:53 --> syntax error, unexpected token "=>"
#0 C:\xampp\htdocs\tienda2\system\Router\Router.php(176): CodeIgniter\Router\Router->autoRoute('principal/login')
#1 C:\xampp\htdocs\tienda2\system\CodeIgniter.php(718): CodeIgniter\Router\Router->handle('principal/login')
#2 C:\xampp\htdocs\tienda2\system\CodeIgniter.php(359): CodeIgniter\CodeIgniter->tryToRouteIt(Object(CodeIgniter\Router\RouteCollection))
#3 C:\xampp\htdocs\tienda2\system\CodeIgniter.php(318): CodeIgniter\CodeIgniter->handleRequest(NULL, Object(Config\Cache), false)
#4 C:\xampp\htdocs\tienda2\public\index.php(37): CodeIgniter\CodeIgniter->run()
#5 {main}
CRITICAL - 2022-01-30 07:08:04 --> syntax error, unexpected token "if"
#0 C:\xampp\htdocs\tienda2\system\Router\Router.php(176): CodeIgniter\Router\Router->autoRoute('principal/login')
#1 C:\xampp\htdocs\tienda2\system\CodeIgniter.php(718): CodeIgniter\Router\Router->handle('principal/login')
#2 C:\xampp\htdocs\tienda2\system\CodeIgniter.php(359): CodeIgniter\CodeIgniter->tryToRouteIt(Object(CodeIgniter\Router\RouteCollection))
#3 C:\xampp\htdocs\tienda2\system\CodeIgniter.php(318): CodeIgniter\CodeIgniter->handleRequest(NULL, Object(Config\Cache), false)
#4 C:\xampp\htdocs\tienda2\public\index.php(37): CodeIgniter\CodeIgniter->run()
#5 {main}
CRITICAL - 2022-01-30 07:09:28 --> syntax error, unexpected token "}", expecting "," or ";"
#0 C:\xampp\htdocs\tienda2\system\Router\Router.php(176): CodeIgniter\Router\Router->autoRoute('principal/login')
#1 C:\xampp\htdocs\tienda2\system\CodeIgniter.php(718): CodeIgniter\Router\Router->handle('principal/login')
#2 C:\xampp\htdocs\tienda2\system\CodeIgniter.php(359): CodeIgniter\CodeIgniter->tryToRouteIt(Object(CodeIgniter\Router\RouteCollection))
#3 C:\xampp\htdocs\tienda2\system\CodeIgniter.php(318): CodeIgniter\CodeIgniter->handleRequest(NULL, Object(Config\Cache), false)
#4 C:\xampp\htdocs\tienda2\public\index.php(37): CodeIgniter\CodeIgniter->run()
#5 {main}
CRITICAL - 2022-01-30 07:09:44 --> syntax error, unexpected token "}", expecting ";" or "{"
#0 C:\xampp\htdocs\tienda2\system\Router\Router.php(176): CodeIgniter\Router\Router->autoRoute('principal/login')
#1 C:\xampp\htdocs\tienda2\system\CodeIgniter.php(718): CodeIgniter\Router\Router->handle('principal/login')
#2 C:\xampp\htdocs\tienda2\system\CodeIgniter.php(359): CodeIgniter\CodeIgniter->tryToRouteIt(Object(CodeIgniter\Router\RouteCollection))
#3 C:\xampp\htdocs\tienda2\system\CodeIgniter.php(318): CodeIgniter\CodeIgniter->handleRequest(NULL, Object(Config\Cache), false)
#4 C:\xampp\htdocs\tienda2\public\index.php(37): CodeIgniter\CodeIgniter->run()
#5 {main}
CRITICAL - 2022-01-30 07:09:54 --> syntax error, unexpected token "(", expecting identifier or variable or "{" or "$"
#0 C:\xampp\htdocs\tienda2\system\Autoloader\Autoloader.php(241): CodeIgniter\Autoloader\Autoloader->includeFile('C:\\xampp\\htdocs...')
#1 C:\xampp\htdocs\tienda2\system\Autoloader\Autoloader.php(219): CodeIgniter\Autoloader\Autoloader->loadInNamespace('App\\Models\\Usua...')
#2 C:\xampp\htdocs\tienda2\app\Controllers\Principal.php(21): CodeIgniter\Autoloader\Autoloader->loadClass('App\\Models\\Usua...')
#3 C:\xampp\htdocs\tienda2\system\CodeIgniter.php(824): App\Controllers\Principal->login()
#4 C:\xampp\htdocs\tienda2\system\CodeIgniter.php(410): CodeIgniter\CodeIgniter->runController(Object(App\Controllers\Principal))
#5 C:\xampp\htdocs\tienda2\system\CodeIgniter.php(318): CodeIgniter\CodeIgniter->handleRequest(NULL, Object(Config\Cache), false)
#6 C:\xampp\htdocs\tienda2\public\index.php(37): CodeIgniter\CodeIgniter->run()
#7 {main}
CRITICAL - 2022-01-30 07:11:40 --> syntax error, unexpected token "(", expecting identifier or variable or "{" or "$"
#0 C:\xampp\htdocs\tienda2\system\Autoloader\Autoloader.php(241): CodeIgniter\Autoloader\Autoloader->includeFile('C:\\xampp\\htdocs...')
#1 C:\xampp\htdocs\tienda2\system\Autoloader\Autoloader.php(219): CodeIgniter\Autoloader\Autoloader->loadInNamespace('App\\Models\\Usua...')
#2 C:\xampp\htdocs\tienda2\app\Controllers\Principal.php(21): CodeIgniter\Autoloader\Autoloader->loadClass('App\\Models\\Usua...')
#3 C:\xampp\htdocs\tienda2\system\CodeIgniter.php(824): App\Controllers\Principal->login()
#4 C:\xampp\htdocs\tienda2\system\CodeIgniter.php(410): CodeIgniter\CodeIgniter->runController(Object(App\Controllers\Principal))
#5 C:\xampp\htdocs\tienda2\system\CodeIgniter.php(318): CodeIgniter\CodeIgniter->handleRequest(NULL, Object(Config\Cache), false)
#6 C:\xampp\htdocs\tienda2\public\index.php(37): CodeIgniter\CodeIgniter->run()
#7 {main}
CRITICAL - 2022-01-30 07:35:35 --> Array to string conversion
#0 C:\xampp\htdocs\tienda2\app\Controllers\Principal.php(24): CodeIgniter\Debug\Exceptions->errorHandler(2, 'Array to string...', 'C:\\xampp\\htdocs...', 24)
#1 C:\xampp\htdocs\tienda2\system\CodeIgniter.php(824): App\Controllers\Principal->login()
#2 C:\xampp\htdocs\tienda2\system\CodeIgniter.php(410): CodeIgniter\CodeIgniter->runController(Object(App\Controllers\Principal))
#3 C:\xampp\htdocs\tienda2\system\CodeIgniter.php(318): CodeIgniter\CodeIgniter->handleRequest(NULL, Object(Config\Cache), false)
#4 C:\xampp\htdocs\tienda2\public\index.php(37): CodeIgniter\CodeIgniter->run()
#5 {main}
CRITICAL - 2022-01-30 07:36:05 --> syntax error, unexpected string content "", expecting "-" or identifier or variable or number
#0 C:\xampp\htdocs\tienda2\system\Router\Router.php(176): CodeIgniter\Router\Router->autoRoute('principal/inici...')
#1 C:\xampp\htdocs\tienda2\system\CodeIgniter.php(718): CodeIgniter\Router\Router->handle('principal/inici...')
#2 C:\xampp\htdocs\tienda2\system\CodeIgniter.php(359): CodeIgniter\CodeIgniter->tryToRouteIt(Object(CodeIgniter\Router\RouteCollection))
#3 C:\xampp\htdocs\tienda2\system\CodeIgniter.php(318): CodeIgniter\CodeIgniter->handleRequest(NULL, Object(Config\Cache), false)
#4 C:\xampp\htdocs\tienda2\public\index.php(37): CodeIgniter\CodeIgniter->run()
#5 {main}
CRITICAL - 2022-01-30 08:16:56 --> Class "App\Controllers\productosModel" not found
#0 C:\xampp\htdocs\tienda2\system\CodeIgniter.php(824): App\Controllers\Principal->login()
#1 C:\xampp\htdocs\tienda2\system\CodeIgniter.php(410): CodeIgniter\CodeIgniter->runController(Object(App\Controllers\Principal))
#2 C:\xampp\htdocs\tienda2\system\CodeIgniter.php(318): CodeIgniter\CodeIgniter->handleRequest(NULL, Object(Config\Cache), false)
#3 C:\xampp\htdocs\tienda2\public\index.php(37): CodeIgniter\CodeIgniter->run()
#4 {main}
CRITICAL - 2022-01-30 08:17:16 --> Undefined variable $db
#0 C:\xampp\htdocs\tienda2\app\Models\Usuarios.php(19): CodeIgniter\Debug\Exceptions->errorHandler(2, 'Undefined varia...', 'C:\\xampp\\htdocs...', 19)
#1 C:\xampp\htdocs\tienda2\app\Controllers\Principal.php(27): App\Models\Usuarios->obtenerUsuario(Array)
#2 C:\xampp\htdocs\tienda2\system\CodeIgniter.php(824): App\Controllers\Principal->login()
#3 C:\xampp\htdocs\tienda2\system\CodeIgniter.php(410): CodeIgniter\CodeIgniter->runController(Object(App\Controllers\Principal))
#4 C:\xampp\htdocs\tienda2\system\CodeIgniter.php(318): CodeIgniter\CodeIgniter->handleRequest(NULL, Object(Config\Cache), false)
#5 C:\xampp\htdocs\tienda2\public\index.php(37): CodeIgniter\CodeIgniter->run()
#6 {main}
CRITICAL - 2022-01-30 08:17:32 --> Call to a member function findAll() on array
#0 C:\xampp\htdocs\tienda2\system\CodeIgniter.php(824): App\Controllers\Principal->login()
#1 C:\xampp\htdocs\tienda2\system\CodeIgniter.php(410): CodeIgniter\CodeIgniter->runController(Object(App\Controllers\Principal))
#2 C:\xampp\htdocs\tienda2\system\CodeIgniter.php(318): CodeIgniter\CodeIgniter->handleRequest(NULL, Object(Config\Cache), false)
#3 C:\xampp\htdocs\tienda2\public\index.php(37): CodeIgniter\CodeIgniter->run()
#4 {main}
CRITICAL - 2022-01-30 08:26:55 --> view(): Argument #2 ($data) must be of type array, string given, called in C:\xampp\htdocs\tienda2\app\Controllers\Principal.php on line 43
#0 C:\xampp\htdocs\tienda2\app\Controllers\Principal.php(43): view('usuarios/header', 'correo@gmail.co...')
#1 C:\xampp\htdocs\tienda2\system\CodeIgniter.php(824): App\Controllers\Principal->login()
#2 C:\xampp\htdocs\tienda2\system\CodeIgniter.php(410): CodeIgniter\CodeIgniter->runController(Object(App\Controllers\Principal))
#3 C:\xampp\htdocs\tienda2\system\CodeIgniter.php(318): CodeIgniter\CodeIgniter->handleRequest(NULL, Object(Config\Cache), false)
#4 C:\xampp\htdocs\tienda2\public\index.php(37): CodeIgniter\CodeIgniter->run()
#5 {main}
CRITICAL - 2022-01-30 08:28:05 --> syntax error, unexpected string content "", expecting "-" or identifier or variable or number
#0 C:\xampp\htdocs\tienda2\system\View\View.php(217): CodeIgniter\View\View->CodeIgniter\View\{closure}()
#1 C:\xampp\htdocs\tienda2\system\Common.php(1097): CodeIgniter\View\View->render('usuarios/body', Array, true)
#2 C:\xampp\htdocs\tienda2\app\Controllers\Principal.php(46): view('usuarios/body')
#3 C:\xampp\htdocs\tienda2\system\CodeIgniter.php(824): App\Controllers\Principal->login()
#4 C:\xampp\htdocs\tienda2\system\CodeIgniter.php(410): CodeIgniter\CodeIgniter->runController(Object(App\Controllers\Principal))
#5 C:\xampp\htdocs\tienda2\system\CodeIgniter.php(318): CodeIgniter\CodeIgniter->handleRequest(NULL, Object(Config\Cache), false)
#6 C:\xampp\htdocs\tienda2\public\index.php(37): CodeIgniter\CodeIgniter->run()
#7 {main}
CRITICAL - 2022-01-30 08:29:42 --> Undefined variable $orreo
#0 C:\xampp\htdocs\tienda2\app\Controllers\Principal.php(45): CodeIgniter\Debug\Exceptions->errorHandler(2, 'Undefined varia...', 'C:\\xampp\\htdocs...', 45)
#1 C:\xampp\htdocs\tienda2\system\CodeIgniter.php(824): App\Controllers\Principal->login()
#2 C:\xampp\htdocs\tienda2\system\CodeIgniter.php(410): CodeIgniter\CodeIgniter->runController(Object(App\Controllers\Principal))
#3 C:\xampp\htdocs\tienda2\system\CodeIgniter.php(318): CodeIgniter\CodeIgniter->handleRequest(NULL, Object(Config\Cache), false)
#4 C:\xampp\htdocs\tienda2\public\index.php(37): CodeIgniter\CodeIgniter->run()
#5 {main}
CRITICAL - 2022-01-30 08:29:59 --> view(): Argument #2 ($data) must be of type array, string given, called in C:\xampp\htdocs\tienda2\app\Controllers\Principal.php on line 45
#0 C:\xampp\htdocs\tienda2\app\Controllers\Principal.php(45): view('usuarios/header', 'correo@gmail.co...')
#1 C:\xampp\htdocs\tienda2\system\CodeIgniter.php(824): App\Controllers\Principal->login()
#2 C:\xampp\htdocs\tienda2\system\CodeIgniter.php(410): CodeIgniter\CodeIgniter->runController(Object(App\Controllers\Principal))
#3 C:\xampp\htdocs\tienda2\system\CodeIgniter.php(318): CodeIgniter\CodeIgniter->handleRequest(NULL, Object(Config\Cache), false)
#4 C:\xampp\htdocs\tienda2\public\index.php(37): CodeIgniter\CodeIgniter->run()
#5 {main}
CRITICAL - 2022-01-30 08:34:35 --> view(): Argument #2 ($data) must be of type array, string given, called in C:\xampp\htdocs\tienda2\app\Controllers\Principal.php on line 45
#0 C:\xampp\htdocs\tienda2\app\Controllers\Principal.php(45): view('usuarios/header', 'correo@gmail.co...')
#1 C:\xampp\htdocs\tienda2\system\CodeIgniter.php(824): App\Controllers\Principal->login()
#2 C:\xampp\htdocs\tienda2\system\CodeIgniter.php(410): CodeIgniter\CodeIgniter->runController(Object(App\Controllers\Principal))
#3 C:\xampp\htdocs\tienda2\system\CodeIgniter.php(318): CodeIgniter\CodeIgniter->handleRequest(NULL, Object(Config\Cache), false)
#4 C:\xampp\htdocs\tienda2\public\index.php(37): CodeIgniter\CodeIgniter->run()
#5 {main}
CRITICAL - 2022-01-30 08:37:24 --> view(): Argument #2 ($data) must be of type array, string given, called in C:\xampp\htdocs\tienda2\app\Controllers\Principal.php on line 46
#0 C:\xampp\htdocs\tienda2\app\Controllers\Principal.php(46): view('usuarios/header', 'correo@gmail.co...')
#1 C:\xampp\htdocs\tienda2\system\CodeIgniter.php(824): App\Controllers\Principal->login()
#2 C:\xampp\htdocs\tienda2\system\CodeIgniter.php(410): CodeIgniter\CodeIgniter->runController(Object(App\Controllers\Principal))
#3 C:\xampp\htdocs\tienda2\system\CodeIgniter.php(318): CodeIgniter\CodeIgniter->handleRequest(NULL, Object(Config\Cache), false)
#4 C:\xampp\htdocs\tienda2\public\index.php(37): CodeIgniter\CodeIgniter->run()
#5 {main}
CRITICAL - 2022-01-30 08:40:31 --> syntax error, unexpected double-quoted string "tarjeta", expecting "]"
#0 C:\xampp\htdocs\tienda2\system\Router\Router.php(176): CodeIgniter\Router\Router->autoRoute('principal/inici...')
#1 C:\xampp\htdocs\tienda2\system\CodeIgniter.php(718): CodeIgniter\Router\Router->handle('principal/inici...')
#2 C:\xampp\htdocs\tienda2\system\CodeIgniter.php(359): CodeIgniter\CodeIgniter->tryToRouteIt(Object(CodeIgniter\Router\RouteCollection))
#3 C:\xampp\htdocs\tienda2\system\CodeIgniter.php(318): CodeIgniter\CodeIgniter->handleRequest(NULL, Object(Config\Cache), false)
#4 C:\xampp\htdocs\tienda2\public\index.php(37): CodeIgniter\CodeIgniter->run()
#5 {main}
CRITICAL - 2022-01-30 08:40:57 --> Undefined variable $correo
#0 C:\xampp\htdocs\tienda2\app\Views\usuarios\body.php(4): CodeIgniter\Debug\Exceptions->errorHandler(2, 'Undefined varia...', 'C:\\xampp\\htdocs...', 4)
#1 C:\xampp\htdocs\tienda2\system\View\View.php(214): include('C:\\xampp\\htdocs...')
#2 C:\xampp\htdocs\tienda2\system\View\View.php(217): CodeIgniter\View\View->CodeIgniter\View\{closure}()
#3 C:\xampp\htdocs\tienda2\system\Common.php(1097): CodeIgniter\View\View->render('usuarios/body', Array, true)
#4 C:\xampp\htdocs\tienda2\app\Controllers\Principal.php(49): view('usuarios/body')
#5 C:\xampp\htdocs\tienda2\system\CodeIgniter.php(824): App\Controllers\Principal->login()
#6 C:\xampp\htdocs\tienda2\system\CodeIgniter.php(410): CodeIgniter\CodeIgniter->runController(Object(App\Controllers\Principal))
#7 C:\xampp\htdocs\tienda2\system\CodeIgniter.php(318): CodeIgniter\CodeIgniter->handleRequest(NULL, Object(Config\Cache), false)
#8 C:\xampp\htdocs\tienda2\public\index.php(37): CodeIgniter\CodeIgniter->run()
#9 {main}
CRITICAL - 2022-01-30 08:47:17 --> syntax error, unexpected double-quoted string "tarjeta", expecting "]"
#0 C:\xampp\htdocs\tienda2\system\Router\Router.php(176): CodeIgniter\Router\Router->autoRoute('principal/inici...')
#1 C:\xampp\htdocs\tienda2\system\CodeIgniter.php(718): CodeIgniter\Router\Router->handle('principal/inici...')
#2 C:\xampp\htdocs\tienda2\system\CodeIgniter.php(359): CodeIgniter\CodeIgniter->tryToRouteIt(Object(CodeIgniter\Router\RouteCollection))
#3 C:\xampp\htdocs\tienda2\system\CodeIgniter.php(318): CodeIgniter\CodeIgniter->handleRequest(NULL, Object(Config\Cache), false)
#4 C:\xampp\htdocs\tienda2\public\index.php(37): CodeIgniter\CodeIgniter->run()
#5 {main}
CRITICAL - 2022-01-30 09:05:03 --> header(): Argument #2 ($replace) must be of type bool, array given
#0 C:\xampp\htdocs\tienda2\app\Controllers\Principal.php(47): header('Location: base_...', Array)
#1 C:\xampp\htdocs\tienda2\system\CodeIgniter.php(824): App\Controllers\Principal->login()
#2 C:\xampp\htdocs\tienda2\system\CodeIgniter.php(410): CodeIgniter\CodeIgniter->runController(Object(App\Controllers\Principal))
#3 C:\xampp\htdocs\tienda2\system\CodeIgniter.php(318): CodeIgniter\CodeIgniter->handleRequest(NULL, Object(Config\Cache), false)
#4 C:\xampp\htdocs\tienda2\public\index.php(37): CodeIgniter\CodeIgniter->run()
#5 {main}
CRITICAL - 2022-01-30 09:11:58 --> syntax error, unexpected token ","
#0 C:\xampp\htdocs\tienda2\system\Router\Router.php(176): CodeIgniter\Router\Router->autoRoute('principal/regis...')
#1 C:\xampp\htdocs\tienda2\system\CodeIgniter.php(718): CodeIgniter\Router\Router->handle('principal/regis...')
#2 C:\xampp\htdocs\tienda2\system\CodeIgniter.php(359): CodeIgniter\CodeIgniter->tryToRouteIt(Object(CodeIgniter\Router\RouteCollection))
#3 C:\xampp\htdocs\tienda2\system\CodeIgniter.php(318): CodeIgniter\CodeIgniter->handleRequest(NULL, Object(Config\Cache), false)
#4 C:\xampp\htdocs\tienda2\public\index.php(37): CodeIgniter\CodeIgniter->run()
#5 {main}
ERROR - 2022-01-30 09:13:35 --> Duplicate entry 'usuario2@gmail.com' for key 'PRIMARY'
CRITICAL - 2022-01-30 09:13:35 --> Duplicate entry 'usuario2@gmail.com' for key 'PRIMARY'
#0 C:\xampp\htdocs\tienda2\system\Database\MySQLi\Connection.php(292): mysqli->query('INSERT INTO `us...', 0)
#1 C:\xampp\htdocs\tienda2\system\Database\BaseConnection.php(670): CodeIgniter\Database\MySQLi\Connection->execute('INSERT INTO `us...')
#2 C:\xampp\htdocs\tienda2\system\Database\BaseConnection.php(598): CodeIgniter\Database\BaseConnection->simpleQuery('INSERT INTO `us...')
#3 C:\xampp\htdocs\tienda2\app\Controllers\Principal.php(29): CodeIgniter\Database\BaseConnection->query('INSERT INTO `us...')
#4 C:\xampp\htdocs\tienda2\system\CodeIgniter.php(824): App\Controllers\Principal->guardar()
#5 C:\xampp\htdocs\tienda2\system\CodeIgniter.php(410): CodeIgniter\CodeIgniter->runController(Object(App\Controllers\Principal))
#6 C:\xampp\htdocs\tienda2\system\CodeIgniter.php(318): CodeIgniter\CodeIgniter->handleRequest(NULL, Object(Config\Cache), false)
#7 C:\xampp\htdocs\tienda2\public\index.php(37): CodeIgniter\CodeIgniter->run()
#8 {main}
ERROR - 2022-01-30 09:18:21 --> Duplicate entry 'usuario2@gmail.com' for key 'PRIMARY'
CRITICAL - 2022-01-30 09:18:21 --> Duplicate entry 'usuario2@gmail.com' for key 'PRIMARY'
#0 C:\xampp\htdocs\tienda2\system\Database\MySQLi\Connection.php(292): mysqli->query('INSERT INTO `us...', 0)
#1 C:\xampp\htdocs\tienda2\system\Database\BaseConnection.php(670): CodeIgniter\Database\MySQLi\Connection->execute('INSERT INTO `us...')
#2 C:\xampp\htdocs\tienda2\system\Database\BaseConnection.php(598): CodeIgniter\Database\BaseConnection->simpleQuery('INSERT INTO `us...')
#3 C:\xampp\htdocs\tienda2\app\Controllers\Principal.php(30): CodeIgniter\Database\BaseConnection->query('INSERT INTO `us...')
#4 C:\xampp\htdocs\tienda2\system\CodeIgniter.php(824): App\Controllers\Principal->guardar()
#5 C:\xampp\htdocs\tienda2\system\CodeIgniter.php(410): CodeIgniter\CodeIgniter->runController(Object(App\Controllers\Principal))
#6 C:\xampp\htdocs\tienda2\system\CodeIgniter.php(318): CodeIgniter\CodeIgniter->handleRequest(NULL, Object(Config\Cache), false)
#7 C:\xampp\htdocs\tienda2\public\index.php(37): CodeIgniter\CodeIgniter->run()
#8 {main}
CRITICAL - 2022-01-30 09:25:13 --> syntax error, unexpected token "echo"
#0 C:\xampp\htdocs\tienda2\system\Router\Router.php(176): CodeIgniter\Router\Router->autoRoute('principal/guard...')
#1 C:\xampp\htdocs\tienda2\system\CodeIgniter.php(718): CodeIgniter\Router\Router->handle('principal/guard...')
#2 C:\xampp\htdocs\tienda2\system\CodeIgniter.php(359): CodeIgniter\CodeIgniter->tryToRouteIt(Object(CodeIgniter\Router\RouteCollection))
#3 C:\xampp\htdocs\tienda2\system\CodeIgniter.php(318): CodeIgniter\CodeIgniter->handleRequest(NULL, Object(Config\Cache), false)
#4 C:\xampp\htdocs\tienda2\public\index.php(37): CodeIgniter\CodeIgniter->run()
#5 {main}
CRITICAL - 2022-01-30 09:27:33 --> syntax error, unexpected token "echo"
#0 C:\xampp\htdocs\tienda2\system\Router\Router.php(176): CodeIgniter\Router\Router->autoRoute('principal/regis...')
#1 C:\xampp\htdocs\tienda2\system\CodeIgniter.php(718): CodeIgniter\Router\Router->handle('principal/regis...')
#2 C:\xampp\htdocs\tienda2\system\CodeIgniter.php(359): CodeIgniter\CodeIgniter->tryToRouteIt(Object(CodeIgniter\Router\RouteCollection))
#3 C:\xampp\htdocs\tienda2\system\CodeIgniter.php(318): CodeIgniter\CodeIgniter->handleRequest(NULL, Object(Config\Cache), false)
#4 C:\xampp\htdocs\tienda2\public\index.php(37): CodeIgniter\CodeIgniter->run()
#5 {main}
CRITICAL - 2022-01-30 09:27:41 --> syntax error, unexpected token "echo"
#0 C:\xampp\htdocs\tienda2\system\Router\Router.php(176): CodeIgniter\Router\Router->autoRoute('principal/regis...')
#1 C:\xampp\htdocs\tienda2\system\CodeIgniter.php(718): CodeIgniter\Router\Router->handle('principal/regis...')
#2 C:\xampp\htdocs\tienda2\system\CodeIgniter.php(359): CodeIgniter\CodeIgniter->tryToRouteIt(Object(CodeIgniter\Router\RouteCollection))
#3 C:\xampp\htdocs\tienda2\system\CodeIgniter.php(318): CodeIgniter\CodeIgniter->handleRequest(NULL, Object(Config\Cache), false)
#4 C:\xampp\htdocs\tienda2\public\index.php(37): CodeIgniter\CodeIgniter->run()
#5 {main}
CRITICAL - 2022-01-30 09:28:11 --> syntax error, unexpected token "echo"
#0 C:\xampp\htdocs\tienda2\system\Router\Router.php(176): CodeIgniter\Router\Router->autoRoute('principal/regis...')
#1 C:\xampp\htdocs\tienda2\system\CodeIgniter.php(718): CodeIgniter\Router\Router->handle('principal/regis...')
#2 C:\xampp\htdocs\tienda2\system\CodeIgniter.php(359): CodeIgniter\CodeIgniter->tryToRouteIt(Object(CodeIgniter\Router\RouteCollection))
#3 C:\xampp\htdocs\tienda2\system\CodeIgniter.php(318): CodeIgniter\CodeIgniter->handleRequest(NULL, Object(Config\Cache), false)
#4 C:\xampp\htdocs\tienda2\public\index.php(37): CodeIgniter\CodeIgniter->run()
#5 {main}
CRITICAL - 2022-01-30 09:30:10 --> Call to undefined method App\Controllers\Principal::connect()
#0 C:\xampp\htdocs\tienda2\system\CodeIgniter.php(824): App\Controllers\Principal->guardar()
#1 C:\xampp\htdocs\tienda2\system\CodeIgniter.php(410): CodeIgniter\CodeIgniter->runController(Object(App\Controllers\Principal))
#2 C:\xampp\htdocs\tienda2\system\CodeIgniter.php(318): CodeIgniter\CodeIgniter->handleRequest(NULL, Object(Config\Cache), false)
#3 C:\xampp\htdocs\tienda2\public\index.php(37): CodeIgniter\CodeIgniter->run()
#4 {main}
CRITICAL - 2022-01-30 09:30:35 --> Object of class CodeIgniter\Database\MySQLi\Connection could not be converted to string
#0 C:\xampp\htdocs\tienda2\system\CodeIgniter.php(824): App\Controllers\Principal->guardar()
#1 C:\xampp\htdocs\tienda2\system\CodeIgniter.php(410): CodeIgniter\CodeIgniter->runController(Object(App\Controllers\Principal))
#2 C:\xampp\htdocs\tienda2\system\CodeIgniter.php(318): CodeIgniter\CodeIgniter->handleRequest(NULL, Object(Config\Cache), false)
#3 C:\xampp\htdocs\tienda2\public\index.php(37): CodeIgniter\CodeIgniter->run()
#4 {main}
CRITICAL - 2022-01-30 09:30:49 --> Object of class CodeIgniter\Database\MySQLi\Connection could not be converted to string
#0 C:\xampp\htdocs\tienda2\system\CodeIgniter.php(824): App\Controllers\Principal->guardar()
#1 C:\xampp\htdocs\tienda2\system\CodeIgniter.php(410): CodeIgniter\CodeIgniter->runController(Object(App\Controllers\Principal))
#2 C:\xampp\htdocs\tienda2\system\CodeIgniter.php(318): CodeIgniter\CodeIgniter->handleRequest(NULL, Object(Config\Cache), false)
#3 C:\xampp\htdocs\tienda2\public\index.php(37): CodeIgniter\CodeIgniter->run()
#4 {main}
CRITICAL - 2022-01-30 09:42:34 --> Object of class CodeIgniter\Database\MySQLi\Connection could not be converted to string
#0 C:\xampp\htdocs\tienda2\system\CodeIgniter.php(824): App\Controllers\Principal->guardar()
#1 C:\xampp\htdocs\tienda2\system\CodeIgniter.php(410): CodeIgniter\CodeIgniter->runController(Object(App\Controllers\Principal))
#2 C:\xampp\htdocs\tienda2\system\CodeIgniter.php(318): CodeIgniter\CodeIgniter->handleRequest(NULL, Object(Config\Cache), false)
#3 C:\xampp\htdocs\tienda2\public\index.php(37): CodeIgniter\CodeIgniter->run()
#4 {main}
CRITICAL - 2022-01-30 09:42:49 --> Undefined property: App\Controllers\Principal::$db
#0 C:\xampp\htdocs\tienda2\app\Controllers\Principal.php(31): CodeIgniter\Debug\Exceptions->errorHandler(2, 'Undefined prope...', 'C:\\xampp\\htdocs...', 31)
#1 C:\xampp\htdocs\tienda2\system\CodeIgniter.php(824): App\Controllers\Principal->guardar()
#2 C:\xampp\htdocs\tienda2\system\CodeIgniter.php(410): CodeIgniter\CodeIgniter->runController(Object(App\Controllers\Principal))
#3 C:\xampp\htdocs\tienda2\system\CodeIgniter.php(318): CodeIgniter\CodeIgniter->handleRequest(NULL, Object(Config\Cache), false)
#4 C:\xampp\htdocs\tienda2\public\index.php(37): CodeIgniter\CodeIgniter->run()
#5 {main}
CRITICAL - 2022-01-30 09:43:18 --> syntax error, unexpected token "<"
#0 C:\xampp\htdocs\tienda2\system\Router\Router.php(176): CodeIgniter\Router\Router->autoRoute('principal/regis...')
#1 C:\xampp\htdocs\tienda2\system\CodeIgniter.php(718): CodeIgniter\Router\Router->handle('principal/regis...')
#2 C:\xampp\htdocs\tienda2\system\CodeIgniter.php(359): CodeIgniter\CodeIgniter->tryToRouteIt(Object(CodeIgniter\Router\RouteCollection))
#3 C:\xampp\htdocs\tienda2\system\CodeIgniter.php(318): CodeIgniter\CodeIgniter->handleRequest(NULL, Object(Config\Cache), false)
#4 C:\xampp\htdocs\tienda2\public\index.php(37): CodeIgniter\CodeIgniter->run()
#5 {main}
CRITICAL - 2022-01-30 09:43:36 --> Call to undefined method App\Controllers\Principal::connect()
#0 C:\xampp\htdocs\tienda2\system\CodeIgniter.php(824): App\Controllers\Principal->guardar()
#1 C:\xampp\htdocs\tienda2\system\CodeIgniter.php(410): CodeIgniter\CodeIgniter->runController(Object(App\Controllers\Principal))
#2 C:\xampp\htdocs\tienda2\system\CodeIgniter.php(318): CodeIgniter\CodeIgniter->handleRequest(NULL, Object(Config\Cache), false)
#3 C:\xampp\htdocs\tienda2\public\index.php(37): CodeIgniter\CodeIgniter->run()
#4 {main}
CRITICAL - 2022-01-30 09:43:57 --> Object of class CodeIgniter\Database\MySQLi\Connection could not be converted to string
#0 C:\xampp\htdocs\tienda2\system\CodeIgniter.php(824): App\Controllers\Principal->guardar()
#1 C:\xampp\htdocs\tienda2\system\CodeIgniter.php(410): CodeIgniter\CodeIgniter->runController(Object(App\Controllers\Principal))
#2 C:\xampp\htdocs\tienda2\system\CodeIgniter.php(318): CodeIgniter\CodeIgniter->handleRequest(NULL, Object(Config\Cache), false)
#3 C:\xampp\htdocs\tienda2\public\index.php(37): CodeIgniter\CodeIgniter->run()
#4 {main}
CRITICAL - 2022-01-30 09:44:16 --> Object of class CodeIgniter\Database\MySQLi\Connection could not be converted to string
#0 C:\xampp\htdocs\tienda2\system\CodeIgniter.php(824): App\Controllers\Principal->guardar()
#1 C:\xampp\htdocs\tienda2\system\CodeIgniter.php(410): CodeIgniter\CodeIgniter->runController(Object(App\Controllers\Principal))
#2 C:\xampp\htdocs\tienda2\system\CodeIgniter.php(318): CodeIgniter\CodeIgniter->handleRequest(NULL, Object(Config\Cache), false)
#3 C:\xampp\htdocs\tienda2\public\index.php(37): CodeIgniter\CodeIgniter->run()
#4 {main}
CRITICAL - 2022-01-30 09:44:28 --> Object of class CodeIgniter\Database\MySQLi\Connection could not be converted to string
#0 C:\xampp\htdocs\tienda2\system\CodeIgniter.php(824): App\Controllers\Principal->guardar()
#1 C:\xampp\htdocs\tienda2\system\CodeIgniter.php(410): CodeIgniter\CodeIgniter->runController(Object(App\Controllers\Principal))
#2 C:\xampp\htdocs\tienda2\system\CodeIgniter.php(318): CodeIgniter\CodeIgniter->handleRequest(NULL, Object(Config\Cache), false)
#3 C:\xampp\htdocs\tienda2\public\index.php(37): CodeIgniter\CodeIgniter->run()
#4 {main}
CRITICAL - 2022-01-30 09:46:17 --> syntax error, unexpected token "echo"
#0 C:\xampp\htdocs\tienda2\system\Router\Router.php(176): CodeIgniter\Router\Router->autoRoute('principal/regis...')
#1 C:\xampp\htdocs\tienda2\system\CodeIgniter.php(718): CodeIgniter\Router\Router->handle('principal/regis...')
#2 C:\xampp\htdocs\tienda2\system\CodeIgniter.php(359): CodeIgniter\CodeIgniter->tryToRouteIt(Object(CodeIgniter\Router\RouteCollection))
#3 C:\xampp\htdocs\tienda2\system\CodeIgniter.php(318): CodeIgniter\CodeIgniter->handleRequest(NULL, Object(Config\Cache), false)
#4 C:\xampp\htdocs\tienda2\public\index.php(37): CodeIgniter\CodeIgniter->run()
#5 {main}
CRITICAL - 2022-01-30 09:47:36 --> syntax error, unexpected token "echo"
#0 C:\xampp\htdocs\tienda2\system\Router\Router.php(176): CodeIgniter\Router\Router->autoRoute('principal/regis...')
#1 C:\xampp\htdocs\tienda2\system\CodeIgniter.php(718): CodeIgniter\Router\Router->handle('principal/regis...')
#2 C:\xampp\htdocs\tienda2\system\CodeIgniter.php(359): CodeIgniter\CodeIgniter->tryToRouteIt(Object(CodeIgniter\Router\RouteCollection))
#3 C:\xampp\htdocs\tienda2\system\CodeIgniter.php(318): CodeIgniter\CodeIgniter->handleRequest(NULL, Object(Config\Cache), false)
#4 C:\xampp\htdocs\tienda2\public\index.php(37): CodeIgniter\CodeIgniter->run()
#5 {main}
CRITICAL - 2022-01-30 09:49:04 --> syntax error, unexpected token "*"
#0 C:\xampp\htdocs\tienda2\system\Router\Router.php(176): CodeIgniter\Router\Router->autoRoute('principal/regis...')
#1 C:\xampp\htdocs\tienda2\system\CodeIgniter.php(718): CodeIgniter\Router\Router->handle('principal/regis...')
#2 C:\xampp\htdocs\tienda2\system\CodeIgniter.php(359): CodeIgniter\CodeIgniter->tryToRouteIt(Object(CodeIgniter\Router\RouteCollection))
#3 C:\xampp\htdocs\tienda2\system\CodeIgniter.php(318): CodeIgniter\CodeIgniter->handleRequest(NULL, Object(Config\Cache), false)
#4 C:\xampp\htdocs\tienda2\public\index.php(37): CodeIgniter\CodeIgniter->run()
#5 {main}
CRITICAL - 2022-01-30 09:49:20 --> mysqli_query(): Argument #1 ($mysql) must be of type mysqli, CodeIgniter\Database\MySQLi\Connection given
#0 C:\xampp\htdocs\tienda2\app\Controllers\Principal.php(31): mysqli_query(Object(CodeIgniter\Database\MySQLi\Connection), 'SELECT COUNT(*)...')
#1 C:\xampp\htdocs\tienda2\system\CodeIgniter.php(824): App\Controllers\Principal->guardar()
#2 C:\xampp\htdocs\tienda2\system\CodeIgniter.php(410): CodeIgniter\CodeIgniter->runController(Object(App\Controllers\Principal))
#3 C:\xampp\htdocs\tienda2\system\CodeIgniter.php(318): CodeIgniter\CodeIgniter->handleRequest(NULL, Object(Config\Cache), false)
#4 C:\xampp\htdocs\tienda2\public\index.php(37): CodeIgniter\CodeIgniter->run()
#5 {main}
CRITICAL - 2022-01-30 19:59:38 --> syntax error, unexpected token "}"
#0 C:\xampp\htdocs\tienda2\system\Router\Router.php(176): CodeIgniter\Router\Router->autoRoute('principal/login')
#1 C:\xampp\htdocs\tienda2\system\CodeIgniter.php(718): CodeIgniter\Router\Router->handle('principal/login')
#2 C:\xampp\htdocs\tienda2\system\CodeIgniter.php(359): CodeIgniter\CodeIgniter->tryToRouteIt(Object(CodeIgniter\Router\RouteCollection))
#3 C:\xampp\htdocs\tienda2\system\CodeIgniter.php(318): CodeIgniter\CodeIgniter->handleRequest(NULL, Object(Config\Cache), false)
#4 C:\xampp\htdocs\tienda2\public\index.php(37): CodeIgniter\CodeIgniter->run()
#5 {main}
CRITICAL - 2022-01-30 19:59:47 --> Class "App\Controllers\productosModel" not found
#0 C:\xampp\htdocs\tienda2\system\CodeIgniter.php(824): App\Controllers\Principal->login()
#1 C:\xampp\htdocs\tienda2\system\CodeIgniter.php(410): CodeIgniter\CodeIgniter->runController(Object(App\Controllers\Principal))
#2 C:\xampp\htdocs\tienda2\system\CodeIgniter.php(318): CodeIgniter\CodeIgniter->handleRequest(NULL, Object(Config\Cache), false)
#3 C:\xampp\htdocs\tienda2\public\index.php(37): CodeIgniter\CodeIgniter->run()
#4 {main}
ERROR - 2022-01-30 20:00:35 --> Unknown column 'id' in 'order clause'
CRITICAL - 2022-01-30 20:00:35 --> Unknown column 'id' in 'order clause'
#0 C:\xampp\htdocs\tienda2\system\Database\MySQLi\Connection.php(292): mysqli->query('SELECT *\nFROM `...', 0)
#1 C:\xampp\htdocs\tienda2\system\Database\BaseConnection.php(670): CodeIgniter\Database\MySQLi\Connection->execute('SELECT *\nFROM `...')
#2 C:\xampp\htdocs\tienda2\system\Database\BaseConnection.php(598): CodeIgniter\Database\BaseConnection->simpleQuery('SELECT *\nFROM `...')
#3 C:\xampp\htdocs\tienda2\system\Database\BaseBuilder.php(1443): CodeIgniter\Database\BaseConnection->query('SELECT *\nFROM `...', Array, false)
#4 C:\xampp\htdocs\tienda2\system\Model.php(183): CodeIgniter\Database\BaseBuilder->get()
#5 C:\xampp\htdocs\tienda2\system\BaseModel.php(584): CodeIgniter\Model->doFindAll(0, 0)
#6 C:\xampp\htdocs\tienda2\app\Controllers\Principal.php(83): CodeIgniter\BaseModel->findAll()
#7 C:\xampp\htdocs\tienda2\system\CodeIgniter.php(824): App\Controllers\Principal->login()
#8 C:\xampp\htdocs\tienda2\system\CodeIgniter.php(410): CodeIgniter\CodeIgniter->runController(Object(App\Controllers\Principal))
#9 C:\xampp\htdocs\tienda2\system\CodeIgniter.php(318): CodeIgniter\CodeIgniter->handleRequest(NULL, Object(Config\Cache), false)
#10 C:\xampp\htdocs\tienda2\public\index.php(37): CodeIgniter\CodeIgniter->run()
#11 {main}
CRITICAL - 2022-01-30 20:26:16 --> Undefined variable $producto
#0 C:\xampp\htdocs\tienda2\app\Views\usuarios\body.php(7): CodeIgniter\Debug\Exceptions->errorHandler(2, 'Undefined varia...', 'C:\\xampp\\htdocs...', 7)
#1 C:\xampp\htdocs\tienda2\system\View\View.php(214): include('C:\\xampp\\htdocs...')
#2 C:\xampp\htdocs\tienda2\system\View\View.php(217): CodeIgniter\View\View->CodeIgniter\View\{closure}()
#3 C:\xampp\htdocs\tienda2\system\Common.php(1097): CodeIgniter\View\View->render('usuarios/body', Array, true)
#4 C:\xampp\htdocs\tienda2\app\Controllers\Principal.php(93): view('usuarios/body')
#5 C:\xampp\htdocs\tienda2\system\CodeIgniter.php(824): App\Controllers\Principal->login()
#6 C:\xampp\htdocs\tienda2\system\CodeIgniter.php(410): CodeIgniter\CodeIgniter->runController(Object(App\Controllers\Principal))
#7 C:\xampp\htdocs\tienda2\system\CodeIgniter.php(318): CodeIgniter\CodeIgniter->handleRequest(NULL, Object(Config\Cache), false)
#8 C:\xampp\htdocs\tienda2\public\index.php(37): CodeIgniter\CodeIgniter->run()
#9 {main}
CRITICAL - 2022-01-30 20:27:05 --> Undefined variable $producto
#0 C:\xampp\htdocs\tienda2\app\Views\usuarios\body.php(7): CodeIgniter\Debug\Exceptions->errorHandler(2, 'Undefined varia...', 'C:\\xampp\\htdocs...', 7)
#1 C:\xampp\htdocs\tienda2\system\View\View.php(214): include('C:\\xampp\\htdocs...')
#2 C:\xampp\htdocs\tienda2\system\View\View.php(217): CodeIgniter\View\View->CodeIgniter\View\{closure}()
#3 C:\xampp\htdocs\tienda2\system\Common.php(1097): CodeIgniter\View\View->render('usuarios/body', Array, true)
#4 C:\xampp\htdocs\tienda2\app\Controllers\Principal.php(93): view('usuarios/body')
#5 C:\xampp\htdocs\tienda2\system\CodeIgniter.php(824): App\Controllers\Principal->login()
#6 C:\xampp\htdocs\tienda2\system\CodeIgniter.php(410): CodeIgniter\CodeIgniter->runController(Object(App\Controllers\Principal))
#7 C:\xampp\htdocs\tienda2\system\CodeIgniter.php(318): CodeIgniter\CodeIgniter->handleRequest(NULL, Object(Config\Cache), false)
#8 C:\xampp\htdocs\tienda2\public\index.php(37): CodeIgniter\CodeIgniter->run()
#9 {main}
CRITICAL - 2022-01-30 20:36:03 --> Undefined variable $productos
#0 C:\xampp\htdocs\tienda2\app\Controllers\Principal.php(89): CodeIgniter\Debug\Exceptions->errorHandler(2, 'Undefined varia...', 'C:\\xampp\\htdocs...', 89)
#1 C:\xampp\htdocs\tienda2\system\CodeIgniter.php(824): App\Controllers\Principal->login()
#2 C:\xampp\htdocs\tienda2\system\CodeIgniter.php(410): CodeIgniter\CodeIgniter->runController(Object(App\Controllers\Principal))
#3 C:\xampp\htdocs\tienda2\system\CodeIgniter.php(318): CodeIgniter\CodeIgniter->handleRequest(NULL, Object(Config\Cache), false)
#4 C:\xampp\htdocs\tienda2\public\index.php(37): CodeIgniter\CodeIgniter->run()
#5 {main}
CRITICAL - 2022-01-30 20:36:24 --> syntax error, unexpected token "<"
#0 C:\xampp\htdocs\tienda2\system\View\View.php(217): CodeIgniter\View\View->CodeIgniter\View\{closure}()
#1 C:\xampp\htdocs\tienda2\system\Common.php(1097): CodeIgniter\View\View->render('usuarios/body', Array, true)
#2 C:\xampp\htdocs\tienda2\app\Controllers\Principal.php(90): view('usuarios/body')
#3 C:\xampp\htdocs\tienda2\system\CodeIgniter.php(824): App\Controllers\Principal->login()
#4 C:\xampp\htdocs\tienda2\system\CodeIgniter.php(410): CodeIgniter\CodeIgniter->runController(Object(App\Controllers\Principal))
#5 C:\xampp\htdocs\tienda2\system\CodeIgniter.php(318): CodeIgniter\CodeIgniter->handleRequest(NULL, Object(Config\Cache), false)
#6 C:\xampp\htdocs\tienda2\public\index.php(37): CodeIgniter\CodeIgniter->run()
#7 {main}
CRITICAL - 2022-01-30 20:36:56 --> syntax error, unexpected end of file
#0 C:\xampp\htdocs\tienda2\system\View\View.php(217): CodeIgniter\View\View->CodeIgniter\View\{closure}()
#1 C:\xampp\htdocs\tienda2\system\Common.php(1097): CodeIgniter\View\View->render('usuarios/body', Array, true)
#2 C:\xampp\htdocs\tienda2\app\Controllers\Principal.php(90): view('usuarios/body')
#3 C:\xampp\htdocs\tienda2\system\CodeIgniter.php(824): App\Controllers\Principal->login()
#4 C:\xampp\htdocs\tienda2\system\CodeIgniter.php(410): CodeIgniter\CodeIgniter->runController(Object(App\Controllers\Principal))
#5 C:\xampp\htdocs\tienda2\system\CodeIgniter.php(318): CodeIgniter\CodeIgniter->handleRequest(NULL, Object(Config\Cache), false)
#6 C:\xampp\htdocs\tienda2\public\index.php(37): CodeIgniter\CodeIgniter->run()
#7 {main}
CRITICAL - 2022-01-30 20:37:11 --> syntax error, unexpected end of file
#0 C:\xampp\htdocs\tienda2\system\View\View.php(217): CodeIgniter\View\View->CodeIgniter\View\{closure}()
#1 C:\xampp\htdocs\tienda2\system\Common.php(1097): CodeIgniter\View\View->render('usuarios/body', Array, true)
#2 C:\xampp\htdocs\tienda2\app\Controllers\Principal.php(90): view('usuarios/body')
#3 C:\xampp\htdocs\tienda2\system\CodeIgniter.php(824): App\Controllers\Principal->login()
#4 C:\xampp\htdocs\tienda2\system\CodeIgniter.php(410): CodeIgniter\CodeIgniter->runController(Object(App\Controllers\Principal))
#5 C:\xampp\htdocs\tienda2\system\CodeIgniter.php(318): CodeIgniter\CodeIgniter->handleRequest(NULL, Object(Config\Cache), false)
#6 C:\xampp\htdocs\tienda2\public\index.php(37): CodeIgniter\CodeIgniter->run()
#7 {main}
CRITICAL - 2022-01-30 20:37:22 --> syntax error, unexpected end of file
#0 C:\xampp\htdocs\tienda2\system\View\View.php(217): CodeIgniter\View\View->CodeIgniter\View\{closure}()
#1 C:\xampp\htdocs\tienda2\system\Common.php(1097): CodeIgniter\View\View->render('usuarios/body', Array, true)
#2 C:\xampp\htdocs\tienda2\app\Controllers\Principal.php(90): view('usuarios/body')
#3 C:\xampp\htdocs\tienda2\system\CodeIgniter.php(824): App\Controllers\Principal->login()
#4 C:\xampp\htdocs\tienda2\system\CodeIgniter.php(410): CodeIgniter\CodeIgniter->runController(Object(App\Controllers\Principal))
#5 C:\xampp\htdocs\tienda2\system\CodeIgniter.php(318): CodeIgniter\CodeIgniter->handleRequest(NULL, Object(Config\Cache), false)
#6 C:\xampp\htdocs\tienda2\public\index.php(37): CodeIgniter\CodeIgniter->run()
#7 {main}
CRITICAL - 2022-01-30 20:38:07 --> syntax error, unexpected end of file
#0 C:\xampp\htdocs\tienda2\system\View\View.php(217): CodeIgniter\View\View->CodeIgniter\View\{closure}()
#1 C:\xampp\htdocs\tienda2\system\Common.php(1097): CodeIgniter\View\View->render('usuarios/body', Array, true)
#2 C:\xampp\htdocs\tienda2\app\Controllers\Principal.php(90): view('usuarios/body')
#3 C:\xampp\htdocs\tienda2\system\CodeIgniter.php(824): App\Controllers\Principal->login()
#4 C:\xampp\htdocs\tienda2\system\CodeIgniter.php(410): CodeIgniter\CodeIgniter->runController(Object(App\Controllers\Principal))
#5 C:\xampp\htdocs\tienda2\system\CodeIgniter.php(318): CodeIgniter\CodeIgniter->handleRequest(NULL, Object(Config\Cache), false)
#6 C:\xampp\htdocs\tienda2\public\index.php(37): CodeIgniter\CodeIgniter->run()
#7 {main}
CRITICAL - 2022-01-30 20:38:25 --> syntax error, unexpected end of file
#0 C:\xampp\htdocs\tienda2\system\View\View.php(217): CodeIgniter\View\View->CodeIgniter\View\{closure}()
#1 C:\xampp\htdocs\tienda2\system\Common.php(1097): CodeIgniter\View\View->render('usuarios/body', Array, true)
#2 C:\xampp\htdocs\tienda2\app\Controllers\Principal.php(90): view('usuarios/body')
#3 C:\xampp\htdocs\tienda2\system\CodeIgniter.php(824): App\Controllers\Principal->login()
#4 C:\xampp\htdocs\tienda2\system\CodeIgniter.php(410): CodeIgniter\CodeIgniter->runController(Object(App\Controllers\Principal))
#5 C:\xampp\htdocs\tienda2\system\CodeIgniter.php(318): CodeIgniter\CodeIgniter->handleRequest(NULL, Object(Config\Cache), false)
#6 C:\xampp\htdocs\tienda2\public\index.php(37): CodeIgniter\CodeIgniter->run()
#7 {main}
CRITICAL - 2022-01-30 20:38:46 --> syntax error, unexpected end of file
#0 C:\xampp\htdocs\tienda2\system\View\View.php(217): CodeIgniter\View\View->CodeIgniter\View\{closure}()
#1 C:\xampp\htdocs\tienda2\system\Common.php(1097): CodeIgniter\View\View->render('usuarios/body', Array, true)
#2 C:\xampp\htdocs\tienda2\app\Controllers\Principal.php(90): view('usuarios/body')
#3 C:\xampp\htdocs\tienda2\system\CodeIgniter.php(824): App\Controllers\Principal->login()
#4 C:\xampp\htdocs\tienda2\system\CodeIgniter.php(410): CodeIgniter\CodeIgniter->runController(Object(App\Controllers\Principal))
#5 C:\xampp\htdocs\tienda2\system\CodeIgniter.php(318): CodeIgniter\CodeIgniter->handleRequest(NULL, Object(Config\Cache), false)
#6 C:\xampp\htdocs\tienda2\public\index.php(37): CodeIgniter\CodeIgniter->run()
#7 {main}
CRITICAL - 2022-01-30 20:39:03 --> syntax error, unexpected end of file
#0 C:\xampp\htdocs\tienda2\system\View\View.php(217): CodeIgniter\View\View->CodeIgniter\View\{closure}()
#1 C:\xampp\htdocs\tienda2\system\Common.php(1097): CodeIgniter\View\View->render('usuarios/body', Array, true)
#2 C:\xampp\htdocs\tienda2\app\Controllers\Principal.php(90): view('usuarios/body')
#3 C:\xampp\htdocs\tienda2\system\CodeIgniter.php(824): App\Controllers\Principal->login()
#4 C:\xampp\htdocs\tienda2\system\CodeIgniter.php(410): CodeIgniter\CodeIgniter->runController(Object(App\Controllers\Principal))
#5 C:\xampp\htdocs\tienda2\system\CodeIgniter.php(318): CodeIgniter\CodeIgniter->handleRequest(NULL, Object(Config\Cache), false)
#6 C:\xampp\htdocs\tienda2\public\index.php(37): CodeIgniter\CodeIgniter->run()
#7 {main}
CRITICAL - 2022-01-30 20:40:03 --> syntax error, unexpected end of file
#0 C:\xampp\htdocs\tienda2\system\View\View.php(217): CodeIgniter\View\View->CodeIgniter\View\{closure}()
#1 C:\xampp\htdocs\tienda2\system\Common.php(1097): CodeIgniter\View\View->render('usuarios/body', Array, true)
#2 C:\xampp\htdocs\tienda2\app\Controllers\Principal.php(90): view('usuarios/body')
#3 C:\xampp\htdocs\tienda2\system\CodeIgniter.php(824): App\Controllers\Principal->login()
#4 C:\xampp\htdocs\tienda2\system\CodeIgniter.php(410): CodeIgniter\CodeIgniter->runController(Object(App\Controllers\Principal))
#5 C:\xampp\htdocs\tienda2\system\CodeIgniter.php(318): CodeIgniter\CodeIgniter->handleRequest(NULL, Object(Config\Cache), false)
#6 C:\xampp\htdocs\tienda2\public\index.php(37): CodeIgniter\CodeIgniter->run()
#7 {main}
CRITICAL - 2022-01-30 20:40:47 --> Undefined variable $productos
#0 C:\xampp\htdocs\tienda2\app\Views\usuarios\body.php(7): CodeIgniter\Debug\Exceptions->errorHandler(2, 'Undefined varia...', 'C:\\xampp\\htdocs...', 7)
#1 C:\xampp\htdocs\tienda2\system\View\View.php(214): include('C:\\xampp\\htdocs...')
#2 C:\xampp\htdocs\tienda2\system\View\View.php(217): CodeIgniter\View\View->CodeIgniter\View\{closure}()
#3 C:\xampp\htdocs\tienda2\system\Common.php(1097): CodeIgniter\View\View->render('usuarios/body', Array, true)
#4 C:\xampp\htdocs\tienda2\app\Controllers\Principal.php(90): view('usuarios/body')
#5 C:\xampp\htdocs\tienda2\system\CodeIgniter.php(824): App\Controllers\Principal->login()
#6 C:\xampp\htdocs\tienda2\system\CodeIgniter.php(410): CodeIgniter\CodeIgniter->runController(Object(App\Controllers\Principal))
#7 C:\xampp\htdocs\tienda2\system\CodeIgniter.php(318): CodeIgniter\CodeIgniter->handleRequest(NULL, Object(Config\Cache), false)
#8 C:\xampp\htdocs\tienda2\public\index.php(37): CodeIgniter\CodeIgniter->run()
#9 {main}
CRITICAL - 2022-01-30 20:45:34 --> Undefined variable $productos
#0 C:\xampp\htdocs\tienda2\app\Views\usuarios\body.php(7): CodeIgniter\Debug\Exceptions->errorHandler(2, 'Undefined varia...', 'C:\\xampp\\htdocs...', 7)
#1 C:\xampp\htdocs\tienda2\system\View\View.php(214): include('C:\\xampp\\htdocs...')
#2 C:\xampp\htdocs\tienda2\system\View\View.php(217): CodeIgniter\View\View->CodeIgniter\View\{closure}()
#3 C:\xampp\htdocs\tienda2\system\Common.php(1097): CodeIgniter\View\View->render('usuarios/body', Array, true)
#4 C:\xampp\htdocs\tienda2\app\Controllers\Principal.php(90): view('usuarios/body')
#5 C:\xampp\htdocs\tienda2\system\CodeIgniter.php(824): App\Controllers\Principal->login()
#6 C:\xampp\htdocs\tienda2\system\CodeIgniter.php(410): CodeIgniter\CodeIgniter->runController(Object(App\Controllers\Principal))
#7 C:\xampp\htdocs\tienda2\system\CodeIgniter.php(318): CodeIgniter\CodeIgniter->handleRequest(NULL, Object(Config\Cache), false)
#8 C:\xampp\htdocs\tienda2\public\index.php(37): CodeIgniter\CodeIgniter->run()
#9 {main}
CRITICAL - 2022-01-30 20:59:17 --> Undefined property: App\Controllers\Principal::$productosModel
#0 C:\xampp\htdocs\tienda2\app\Controllers\Principal.php(80): CodeIgniter\Debug\Exceptions->errorHandler(2, 'Undefined prope...', 'C:\\xampp\\htdocs...', 80)
#1 C:\xampp\htdocs\tienda2\system\CodeIgniter.php(824): App\Controllers\Principal->login()
#2 C:\xampp\htdocs\tienda2\system\CodeIgniter.php(410): CodeIgniter\CodeIgniter->runController(Object(App\Controllers\Principal))
#3 C:\xampp\htdocs\tienda2\system\CodeIgniter.php(318): CodeIgniter\CodeIgniter->handleRequest(NULL, Object(Config\Cache), false)
#4 C:\xampp\htdocs\tienda2\public\index.php(37): CodeIgniter\CodeIgniter->run()
#5 {main}
CRITICAL - 2022-01-30 21:05:42 --> Undefined property: App\Controllers\Principal::$productosModel
#0 C:\xampp\htdocs\tienda2\app\Controllers\Principal.php(80): CodeIgniter\Debug\Exceptions->errorHandler(2, 'Undefined prope...', 'C:\\xampp\\htdocs...', 80)
#1 C:\xampp\htdocs\tienda2\system\CodeIgniter.php(824): App\Controllers\Principal->login()
#2 C:\xampp\htdocs\tienda2\system\CodeIgniter.php(410): CodeIgniter\CodeIgniter->runController(Object(App\Controllers\Principal))
#3 C:\xampp\htdocs\tienda2\system\CodeIgniter.php(318): CodeIgniter\CodeIgniter->handleRequest(NULL, Object(Config\Cache), false)
#4 C:\xampp\htdocs\tienda2\public\index.php(37): CodeIgniter\CodeIgniter->run()
#5 {main}
CRITICAL - 2022-01-30 21:07:29 --> Cannot call constructor
#0 C:\xampp\htdocs\tienda2\system\CodeIgniter.php(801): App\Controllers\Principal->__construct()
#1 C:\xampp\htdocs\tienda2\system\CodeIgniter.php(401): CodeIgniter\CodeIgniter->createController()
#2 C:\xampp\htdocs\tienda2\system\CodeIgniter.php(318): CodeIgniter\CodeIgniter->handleRequest(NULL, Object(Config\Cache), false)
#3 C:\xampp\htdocs\tienda2\public\index.php(37): CodeIgniter\CodeIgniter->run()
#4 {main}
CRITICAL - 2022-01-30 21:08:04 --> Undefined property: App\Controllers\Principal::$load
#0 C:\xampp\htdocs\tienda2\app\Controllers\Principal.php(11): CodeIgniter\Debug\Exceptions->errorHandler(2, 'Undefined prope...', 'C:\\xampp\\htdocs...', 11)
#1 C:\xampp\htdocs\tienda2\system\CodeIgniter.php(801): App\Controllers\Principal->__construct()
#2 C:\xampp\htdocs\tienda2\system\CodeIgniter.php(401): CodeIgniter\CodeIgniter->createController()
#3 C:\xampp\htdocs\tienda2\system\CodeIgniter.php(318): CodeIgniter\CodeIgniter->handleRequest(NULL, Object(Config\Cache), false)
#4 C:\xampp\htdocs\tienda2\public\index.php(37): CodeIgniter\CodeIgniter->run()
#5 {main}
CRITICAL - 2022-01-30 21:10:37 --> Undefined property: App\Controllers\Principal::$load
#0 C:\xampp\htdocs\tienda2\app\Controllers\Principal.php(11): CodeIgniter\Debug\Exceptions->errorHandler(2, 'Undefined prope...', 'C:\\xampp\\htdocs...', 11)
#1 C:\xampp\htdocs\tienda2\system\CodeIgniter.php(801): App\Controllers\Principal->__construct()
#2 C:\xampp\htdocs\tienda2\system\CodeIgniter.php(401): CodeIgniter\CodeIgniter->createController()
#3 C:\xampp\htdocs\tienda2\system\CodeIgniter.php(318): CodeIgniter\CodeIgniter->handleRequest(NULL, Object(Config\Cache), false)
#4 C:\xampp\htdocs\tienda2\public\index.php(37): CodeIgniter\CodeIgniter->run()
#5 {main}
CRITICAL - 2022-01-30 21:10:51 --> Call to undefined function App\Models\get()
#0 C:\xampp\htdocs\tienda2\app\Controllers\Principal.php(81): App\Models\productosModel->obtenerProductos()
#1 C:\xampp\htdocs\tienda2\system\CodeIgniter.php(824): App\Controllers\Principal->login()
#2 C:\xampp\htdocs\tienda2\system\CodeIgniter.php(410): CodeIgniter\CodeIgniter->runController(Object(App\Controllers\Principal))
#3 C:\xampp\htdocs\tienda2\system\CodeIgniter.php(318): CodeIgniter\CodeIgniter->handleRequest(NULL, Object(Config\Cache), false)
#4 C:\xampp\htdocs\tienda2\public\index.php(37): CodeIgniter\CodeIgniter->run()
#5 {main}
CRITICAL - 2022-01-30 21:17:19 --> Undefined variable $productos
#0 C:\xampp\htdocs\tienda2\app\Views\usuarios\body.php(7): CodeIgniter\Debug\Exceptions->errorHandler(2, 'Undefined varia...', 'C:\\xampp\\htdocs...', 7)
#1 C:\xampp\htdocs\tienda2\system\View\View.php(214): include('C:\\xampp\\htdocs...')
#2 C:\xampp\htdocs\tienda2\system\View\View.php(217): CodeIgniter\View\View->CodeIgniter\View\{closure}()
#3 C:\xampp\htdocs\tienda2\system\Common.php(1097): CodeIgniter\View\View->render('usuarios/body', Array, true)
#4 C:\xampp\htdocs\tienda2\app\Controllers\Principal.php(91): view('usuarios/body')
#5 C:\xampp\htdocs\tienda2\system\CodeIgniter.php(824): App\Controllers\Principal->login()
#6 C:\xampp\htdocs\tienda2\system\CodeIgniter.php(410): CodeIgniter\CodeIgniter->runController(Object(App\Controllers\Principal))
#7 C:\xampp\htdocs\tienda2\system\CodeIgniter.php(318): CodeIgniter\CodeIgniter->handleRequest(NULL, Object(Config\Cache), false)
#8 C:\xampp\htdocs\tienda2\public\index.php(37): CodeIgniter\CodeIgniter->run()
#9 {main}
CRITICAL - 2022-01-30 21:20:13 --> Undefined array key "id"
#0 C:\xampp\htdocs\tienda2\app\Views\usuarios\body.php(9): CodeIgniter\Debug\Exceptions->errorHandler(2, 'Undefined array...', 'C:\\xampp\\htdocs...', 9)
#1 C:\xampp\htdocs\tienda2\system\View\View.php(214): include('C:\\xampp\\htdocs...')
#2 C:\xampp\htdocs\tienda2\system\View\View.php(217): CodeIgniter\View\View->CodeIgniter\View\{closure}()
#3 C:\xampp\htdocs\tienda2\system\Common.php(1097): CodeIgniter\View\View->render('usuarios/body', Array, true)
#4 C:\xampp\htdocs\tienda2\app\Controllers\Principal.php(91): view('usuarios/body')
#5 C:\xampp\htdocs\tienda2\system\CodeIgniter.php(824): App\Controllers\Principal->login()
#6 C:\xampp\htdocs\tienda2\system\CodeIgniter.php(410): CodeIgniter\CodeIgniter->runController(Object(App\Controllers\Principal))
#7 C:\xampp\htdocs\tienda2\system\CodeIgniter.php(318): CodeIgniter\CodeIgniter->handleRequest(NULL, Object(Config\Cache), false)
#8 C:\xampp\htdocs\tienda2\public\index.php(37): CodeIgniter\CodeIgniter->run()
#9 {main}
CRITICAL - 2022-01-30 21:31:10 --> syntax error, unexpected token ";"
#0 C:\xampp\htdocs\tienda2\system\View\View.php(217): CodeIgniter\View\View->CodeIgniter\View\{closure}()
#1 C:\xampp\htdocs\tienda2\system\Common.php(1097): CodeIgniter\View\View->render('usuarios/body', Array, true)
#2 C:\xampp\htdocs\tienda2\app\Controllers\Principal.php(91): view('usuarios/body')
#3 C:\xampp\htdocs\tienda2\system\CodeIgniter.php(824): App\Controllers\Principal->login()
#4 C:\xampp\htdocs\tienda2\system\CodeIgniter.php(410): CodeIgniter\CodeIgniter->runController(Object(App\Controllers\Principal))
#5 C:\xampp\htdocs\tienda2\system\CodeIgniter.php(318): CodeIgniter\CodeIgniter->handleRequest(NULL, Object(Config\Cache), false)
#6 C:\xampp\htdocs\tienda2\public\index.php(37): CodeIgniter\CodeIgniter->run()
#7 {main}
CRITICAL - 2022-01-30 21:40:11 --> syntax error, unexpected variable "$producto", expecting "," or ";"
#0 C:\xampp\htdocs\tienda2\system\View\View.php(217): CodeIgniter\View\View->CodeIgniter\View\{closure}()
#1 C:\xampp\htdocs\tienda2\system\Common.php(1097): CodeIgniter\View\View->render('usuarios/body', Array, true)
#2 C:\xampp\htdocs\tienda2\app\Controllers\Principal.php(91): view('usuarios/body')
#3 C:\xampp\htdocs\tienda2\system\CodeIgniter.php(824): App\Controllers\Principal->login()
#4 C:\xampp\htdocs\tienda2\system\CodeIgniter.php(410): CodeIgniter\CodeIgniter->runController(Object(App\Controllers\Principal))
#5 C:\xampp\htdocs\tienda2\system\CodeIgniter.php(318): CodeIgniter\CodeIgniter->handleRequest(NULL, Object(Config\Cache), false)
#6 C:\xampp\htdocs\tienda2\public\index.php(37): CodeIgniter\CodeIgniter->run()
#7 {main}
CRITICAL - 2022-01-30 21:40:40 --> syntax error, unexpected variable "$producto", expecting "," or ";"
#0 C:\xampp\htdocs\tienda2\system\View\View.php(217): CodeIgniter\View\View->CodeIgniter\View\{closure}()
#1 C:\xampp\htdocs\tienda2\system\Common.php(1097): CodeIgniter\View\View->render('usuarios/body', Array, true)
#2 C:\xampp\htdocs\tienda2\app\Controllers\Principal.php(91): view('usuarios/body')
#3 C:\xampp\htdocs\tienda2\system\CodeIgniter.php(824): App\Controllers\Principal->login()
#4 C:\xampp\htdocs\tienda2\system\CodeIgniter.php(410): CodeIgniter\CodeIgniter->runController(Object(App\Controllers\Principal))
#5 C:\xampp\htdocs\tienda2\system\CodeIgniter.php(318): CodeIgniter\CodeIgniter->handleRequest(NULL, Object(Config\Cache), false)
#6 C:\xampp\htdocs\tienda2\public\index.php(37): CodeIgniter\CodeIgniter->run()
#7 {main}
CRITICAL - 2022-01-30 21:41:01 --> syntax error, unexpected string content "", expecting "-" or identifier or variable or number
#0 C:\xampp\htdocs\tienda2\system\View\View.php(217): CodeIgniter\View\View->CodeIgniter\View\{closure}()
#1 C:\xampp\htdocs\tienda2\system\Common.php(1097): CodeIgniter\View\View->render('usuarios/body', Array, true)
#2 C:\xampp\htdocs\tienda2\app\Controllers\Principal.php(91): view('usuarios/body')
#3 C:\xampp\htdocs\tienda2\system\CodeIgniter.php(824): App\Controllers\Principal->login()
#4 C:\xampp\htdocs\tienda2\system\CodeIgniter.php(410): CodeIgniter\CodeIgniter->runController(Object(App\Controllers\Principal))
#5 C:\xampp\htdocs\tienda2\system\CodeIgniter.php(318): CodeIgniter\CodeIgniter->handleRequest(NULL, Object(Config\Cache), false)
#6 C:\xampp\htdocs\tienda2\public\index.php(37): CodeIgniter\CodeIgniter->run()
#7 {main}
CRITICAL - 2022-01-30 21:43:03 --> syntax error, unexpected string content "", expecting "-" or identifier or variable or number
#0 C:\xampp\htdocs\tienda2\system\View\View.php(217): CodeIgniter\View\View->CodeIgniter\View\{closure}()
#1 C:\xampp\htdocs\tienda2\system\Common.php(1097): CodeIgniter\View\View->render('usuarios/body', Array, true)
#2 C:\xampp\htdocs\tienda2\app\Controllers\Principal.php(91): view('usuarios/body')
#3 C:\xampp\htdocs\tienda2\system\CodeIgniter.php(824): App\Controllers\Principal->login()
#4 C:\xampp\htdocs\tienda2\system\CodeIgniter.php(410): CodeIgniter\CodeIgniter->runController(Object(App\Controllers\Principal))
#5 C:\xampp\htdocs\tienda2\system\CodeIgniter.php(318): CodeIgniter\CodeIgniter->handleRequest(NULL, Object(Config\Cache), false)
#6 C:\xampp\htdocs\tienda2\public\index.php(37): CodeIgniter\CodeIgniter->run()
#7 {main}
CRITICAL - 2022-01-30 23:17:26 --> Undefined variable $producto
#0 C:\xampp\htdocs\tienda2\app\Views\usuarios\body.php(4): CodeIgniter\Debug\Exceptions->errorHandler(2, 'Undefined varia...', 'C:\\xampp\\htdocs...', 4)
#1 C:\xampp\htdocs\tienda2\system\View\View.php(214): include('C:\\xampp\\htdocs...')
#2 C:\xampp\htdocs\tienda2\system\View\View.php(217): CodeIgniter\View\View->CodeIgniter\View\{closure}()
#3 C:\xampp\htdocs\tienda2\system\Common.php(1097): CodeIgniter\View\View->render('usuarios/body', Array, true)
#4 C:\xampp\htdocs\tienda2\app\Controllers\Principal.php(91): view('usuarios/body')
#5 C:\xampp\htdocs\tienda2\system\CodeIgniter.php(824): App\Controllers\Principal->login()
#6 C:\xampp\htdocs\tienda2\system\CodeIgniter.php(410): CodeIgniter\CodeIgniter->runController(Object(App\Controllers\Principal))
#7 C:\xampp\htdocs\tienda2\system\CodeIgniter.php(318): CodeIgniter\CodeIgniter->handleRequest(NULL, Object(Config\Cache), false)
#8 C:\xampp\htdocs\tienda2\public\index.php(37): CodeIgniter\CodeIgniter->run()
#9 {main}
CRITICAL - 2022-01-30 23:35:16 --> Undefined array key "var2"
#0 C:\xampp\htdocs\tienda2\app\Controllers\Principal.php(109): CodeIgniter\Debug\Exceptions->errorHandler(2, 'Undefined array...', 'C:\\xampp\\htdocs...', 109)
#1 C:\xampp\htdocs\tienda2\system\CodeIgniter.php(824): App\Controllers\Principal->comprar()
#2 C:\xampp\htdocs\tienda2\system\CodeIgniter.php(410): CodeIgniter\CodeIgniter->runController(Object(App\Controllers\Principal))
#3 C:\xampp\htdocs\tienda2\system\CodeIgniter.php(318): CodeIgniter\CodeIgniter->handleRequest(NULL, Object(Config\Cache), false)
#4 C:\xampp\htdocs\tienda2\public\index.php(37): CodeIgniter\CodeIgniter->run()
#5 {main}
CRITICAL - 2022-01-30 23:38:08 --> Undefined array key "var2"
#0 C:\xampp\htdocs\tienda2\app\Controllers\Principal.php(109): CodeIgniter\Debug\Exceptions->errorHandler(2, 'Undefined array...', 'C:\\xampp\\htdocs...', 109)
#1 C:\xampp\htdocs\tienda2\system\CodeIgniter.php(824): App\Controllers\Principal->comprar()
#2 C:\xampp\htdocs\tienda2\system\CodeIgniter.php(410): CodeIgniter\CodeIgniter->runController(Object(App\Controllers\Principal))
#3 C:\xampp\htdocs\tienda2\system\CodeIgniter.php(318): CodeIgniter\CodeIgniter->handleRequest(NULL, Object(Config\Cache), false)
#4 C:\xampp\htdocs\tienda2\public\index.php(37): CodeIgniter\CodeIgniter->run()
#5 {main}
CRITICAL - 2022-01-30 23:40:25 --> view(): Argument #2 ($data) must be of type array, string given, called in C:\xampp\htdocs\tienda2\app\Controllers\Principal.php on line 112
#0 C:\xampp\htdocs\tienda2\app\Controllers\Principal.php(112): view('usuarios/header', 'correo@gmail.co...')
#1 C:\xampp\htdocs\tienda2\system\CodeIgniter.php(824): App\Controllers\Principal->comprar()
#2 C:\xampp\htdocs\tienda2\system\CodeIgniter.php(410): CodeIgniter\CodeIgniter->runController(Object(App\Controllers\Principal))
#3 C:\xampp\htdocs\tienda2\system\CodeIgniter.php(318): CodeIgniter\CodeIgniter->handleRequest(NULL, Object(Config\Cache), false)
#4 C:\xampp\htdocs\tienda2\public\index.php(37): CodeIgniter\CodeIgniter->run()
#5 {main}
CRITICAL - 2022-01-30 23:40:43 --> view(): Argument #2 ($data) must be of type array, string given, called in C:\xampp\htdocs\tienda2\app\Controllers\Principal.php on line 112
#0 C:\xampp\htdocs\tienda2\app\Controllers\Principal.php(112): view('usuarios/header', 'correo@gmail.co...')
#1 C:\xampp\htdocs\tienda2\system\CodeIgniter.php(824): App\Controllers\Principal->comprar()
#2 C:\xampp\htdocs\tienda2\system\CodeIgniter.php(410): CodeIgniter\CodeIgniter->runController(Object(App\Controllers\Principal))
#3 C:\xampp\htdocs\tienda2\system\CodeIgniter.php(318): CodeIgniter\CodeIgniter->handleRequest(NULL, Object(Config\Cache), false)
#4 C:\xampp\htdocs\tienda2\public\index.php(37): CodeIgniter\CodeIgniter->run()
#5 {main}
CRITICAL - 2022-01-30 23:41:55 --> Invalid file: comprar.php
#0 C:\xampp\htdocs\tienda2\system\View\View.php(198): CodeIgniter\Exceptions\FrameworkException::forInvalidFile('comprar.php')
#1 C:\xampp\htdocs\tienda2\system\Common.php(1097): CodeIgniter\View\View->render('comprar', Array, true)
#2 C:\xampp\htdocs\tienda2\app\Controllers\Principal.php(116): view('comprar', Array)
#3 C:\xampp\htdocs\tienda2\system\CodeIgniter.php(824): App\Controllers\Principal->comprar()
#4 C:\xampp\htdocs\tienda2\system\CodeIgniter.php(410): CodeIgniter\CodeIgniter->runController(Object(App\Controllers\Principal))
#5 C:\xampp\htdocs\tienda2\system\CodeIgniter.php(318): CodeIgniter\CodeIgniter->handleRequest(NULL, Object(Config\Cache), false)
#6 C:\xampp\htdocs\tienda2\public\index.php(37): CodeIgniter\CodeIgniter->run()
#7 {main}
CRITICAL - 2022-01-30 23:46:37 --> base_url(): Argument #2 ($scheme) must be of type ?string, array given, called in C:\xampp\htdocs\tienda2\app\Views\usuarios\body.php on line 20
#0 C:\xampp\htdocs\tienda2\app\Views\usuarios\body.php(20): base_url('/public/princip...', Array)
#1 C:\xampp\htdocs\tienda2\system\View\View.php(214): include('C:\\xampp\\htdocs...')
#2 C:\xampp\htdocs\tienda2\system\View\View.php(217): CodeIgniter\View\View->CodeIgniter\View\{closure}()
#3 C:\xampp\htdocs\tienda2\system\Common.php(1097): CodeIgniter\View\View->render('usuarios/body', Array, true)
#4 C:\xampp\htdocs\tienda2\app\Controllers\Principal.php(91): view('usuarios/body')
#5 C:\xampp\htdocs\tienda2\system\CodeIgniter.php(824): App\Controllers\Principal->login()
#6 C:\xampp\htdocs\tienda2\system\CodeIgniter.php(410): CodeIgniter\CodeIgniter->runController(Object(App\Controllers\Principal))
#7 C:\xampp\htdocs\tienda2\system\CodeIgniter.php(318): CodeIgniter\CodeIgniter->handleRequest(NULL, Object(Config\Cache), false)
#8 C:\xampp\htdocs\tienda2\public\index.php(37): CodeIgniter\CodeIgniter->run()
#9 {main}
