ERROR - 2022-04-04 11:29:07 --> Error connecting to the database: No se puede establecer una conexión ya que el equipo de destino denegó expresamente dicha conexión
CRITICAL - 2022-04-04 11:29:07 --> Unable to connect to the database.
Main connection [MySQLi]: No se puede establecer una conexión ya que el equipo de destino denegó expresamente dicha conexión
#0 C:\xampp\htdocs\tienda2\system\Database\BaseConnection.php(577): CodeIgniter\Database\BaseConnection->initialize()
#1 C:\xampp\htdocs\tienda2\system\Database\BaseBuilder.php(1443): CodeIgniter\Database\BaseConnection->query('SELECT *\nFROM `...', Array, false)
#2 C:\xampp\htdocs\tienda2\app\Models\Usuarios.php(21): CodeIgniter\Database\BaseBuilder->get()
#3 C:\xampp\htdocs\tienda2\app\Controllers\Principal.php(70): App\Models\Usuarios->obtenerUsuario(Array)
#4 C:\xampp\htdocs\tienda2\system\CodeIgniter.php(824): App\Controllers\Principal->login()
#5 C:\xampp\htdocs\tienda2\system\CodeIgniter.php(410): CodeIgniter\CodeIgniter->runController(Object(App\Controllers\Principal))
#6 C:\xampp\htdocs\tienda2\system\CodeIgniter.php(318): CodeIgniter\CodeIgniter->handleRequest(NULL, Object(Config\Cache), false)
#7 C:\xampp\htdocs\tienda2\public\index.php(37): CodeIgniter\CodeIgniter->run()
#8 {main}
ERROR - 2022-04-04 11:29:34 --> Error connecting to the database: No se puede establecer una conexión ya que el equipo de destino denegó expresamente dicha conexión
CRITICAL - 2022-04-04 11:29:34 --> Unable to connect to the database.
Main connection [MySQLi]: No se puede establecer una conexión ya que el equipo de destino denegó expresamente dicha conexión
#0 C:\xampp\htdocs\tienda2\system\Database\BaseConnection.php(577): CodeIgniter\Database\BaseConnection->initialize()
#1 C:\xampp\htdocs\tienda2\system\Database\BaseBuilder.php(1443): CodeIgniter\Database\BaseConnection->query('SELECT *\nFROM `...', Array, false)
#2 C:\xampp\htdocs\tienda2\app\Models\Usuarios.php(21): CodeIgniter\Database\BaseBuilder->get()
#3 C:\xampp\htdocs\tienda2\app\Controllers\Principal.php(29): App\Models\Usuarios->obtenerUsuario(Array)
#4 C:\xampp\htdocs\tienda2\system\CodeIgniter.php(824): App\Controllers\Principal->guardar()
#5 C:\xampp\htdocs\tienda2\system\CodeIgniter.php(410): CodeIgniter\CodeIgniter->runController(Object(App\Controllers\Principal))
#6 C:\xampp\htdocs\tienda2\system\CodeIgniter.php(318): CodeIgniter\CodeIgniter->handleRequest(NULL, Object(Config\Cache), false)
#7 C:\xampp\htdocs\tienda2\public\index.php(37): CodeIgniter\CodeIgniter->run()
#8 {main}
