CRITICAL - 2022-02-01 15:38:47 --> The framework needs the following extension(s) installed and loaded: intl.
#0 C:\xampp\htdocs\tienda2\system\CodeIgniter.php(219): CodeIgniter\Exceptions\FrameworkException::forMissingExtension('intl')
#1 C:\xampp\htdocs\tienda2\system\CodeIgniter.php(177): CodeIgniter\CodeIgniter->resolvePlatformExtensions()
#2 C:\xampp\htdocs\tienda2\system\bootstrap.php(146): CodeIgniter\CodeIgniter->initialize()
#3 C:\xampp\htdocs\tienda2\public\index.php(28): require('C:\\xampp\\htdocs...')
#4 {main}
CRITICAL - 2022-02-01 12:57:30 --> syntax error, unexpected variable "$db", expecting "function" or "const"
#0 C:\xampp\htdocs\tienda2\system\Autoloader\Autoloader.php(241): CodeIgniter\Autoloader\Autoloader->includeFile('C:\\xampp\\htdocs...')
#1 C:\xampp\htdocs\tienda2\system\Autoloader\Autoloader.php(219): CodeIgniter\Autoloader\Autoloader->loadInNamespace('Config\\Database')
#2 C:\xampp\htdocs\tienda2\system\Debug\Toolbar\Collectors\Database.php(204): CodeIgniter\Autoloader\Autoloader->loadClass('Config\\Database')
#3 C:\xampp\htdocs\tienda2\system\Debug\Toolbar\Collectors\Database.php(69): CodeIgniter\Debug\Toolbar\Collectors\Database->getConnections()
#4 C:\xampp\htdocs\tienda2\system\Debug\Toolbar.php(62): CodeIgniter\Debug\Toolbar\Collectors\Database->__construct()
#5 C:\xampp\htdocs\tienda2\system\Config\Services.php(626): CodeIgniter\Debug\Toolbar->__construct(Object(Config\Toolbar))
#6 C:\xampp\htdocs\tienda2\system\Config\BaseService.php(248): CodeIgniter\Config\Services::toolbar(Object(Config\Toolbar), false)
#7 C:\xampp\htdocs\tienda2\system\Config\BaseService.php(189): CodeIgniter\Config\BaseService::__callStatic('toolbar', Array)
#8 C:\xampp\htdocs\tienda2\system\Config\Services.php(621): CodeIgniter\Config\BaseService::getSharedInstance('toolbar', NULL)
#9 C:\xampp\htdocs\tienda2\system\Config\BaseService.php(248): CodeIgniter\Config\Services::toolbar()
#10 C:\xampp\htdocs\tienda2\app\Config\Events.php(48): CodeIgniter\Config\BaseService::__callStatic('toolbar', Array)
#11 C:\xampp\htdocs\tienda2\system\Events\Events.php(149): CodeIgniter\Events\Events::Config\{closure}()
#12 C:\xampp\htdocs\tienda2\system\CodeIgniter.php(300): CodeIgniter\Events\Events::trigger('pre_system')
#13 C:\xampp\htdocs\tienda2\public\index.php(37): CodeIgniter\CodeIgniter->run()
#14 {main}
