CRITICAL - 2022-01-31 00:30:55 --> Object of class App\Models\productosModel could not be converted to string
#0 C:\xampp\htdocs\tienda2\system\Database\Query.php(330): strtr('SELECT *\nFROM `...', Array)
#1 C:\xampp\htdocs\tienda2\system\Database\Query.php(304): CodeIgniter\Database\Query->matchNamedBinds('SELECT *\nFROM `...', Array)
#2 C:\xampp\htdocs\tienda2\system\Database\Query.php(150): CodeIgniter\Database\Query->compileBinds()
#3 C:\xampp\htdocs\tienda2\system\Database\BaseConnection.php(598): CodeIgniter\Database\Query->getQuery()
#4 C:\xampp\htdocs\tienda2\system\Database\BaseBuilder.php(1443): CodeIgniter\Database\BaseConnection->query('SELECT *\nFROM `...', Array, false)
#5 C:\xampp\htdocs\tienda2\app\Models\productosModel.php(33): CodeIgniter\Database\BaseBuilder->get()
#6 C:\xampp\htdocs\tienda2\app\Controllers\Principal.php(116): App\Models\productosModel->obtenerProducto(Array)
#7 C:\xampp\htdocs\tienda2\system\CodeIgniter.php(824): App\Controllers\Principal->comprar()
#8 C:\xampp\htdocs\tienda2\system\CodeIgniter.php(410): CodeIgniter\CodeIgniter->runController(Object(App\Controllers\Principal))
#9 C:\xampp\htdocs\tienda2\system\CodeIgniter.php(318): CodeIgniter\CodeIgniter->handleRequest(NULL, Object(Config\Cache), false)
#10 C:\xampp\htdocs\tienda2\public\index.php(37): CodeIgniter\CodeIgniter->run()
#11 {main}
CRITICAL - 2022-01-31 00:35:19 --> Undefined variable $Producto
#0 C:\xampp\htdocs\tienda2\app\Models\productosModel.php(31): CodeIgniter\Debug\Exceptions->errorHandler(2, 'Undefined varia...', 'C:\\xampp\\htdocs...', 31)
#1 C:\xampp\htdocs\tienda2\app\Controllers\Principal.php(116): App\Models\productosModel->obtenerProducto(Array)
#2 C:\xampp\htdocs\tienda2\system\CodeIgniter.php(824): App\Controllers\Principal->comprar()
#3 C:\xampp\htdocs\tienda2\system\CodeIgniter.php(410): CodeIgniter\CodeIgniter->runController(Object(App\Controllers\Principal))
#4 C:\xampp\htdocs\tienda2\system\CodeIgniter.php(318): CodeIgniter\CodeIgniter->handleRequest(NULL, Object(Config\Cache), false)
#5 C:\xampp\htdocs\tienda2\public\index.php(37): CodeIgniter\CodeIgniter->run()
#6 {main}
CRITICAL - 2022-01-31 00:35:51 --> Undefined variable $producto
#0 C:\xampp\htdocs\tienda2\app\Models\productosModel.php(33): CodeIgniter\Debug\Exceptions->errorHandler(2, 'Undefined varia...', 'C:\\xampp\\htdocs...', 33)
#1 C:\xampp\htdocs\tienda2\app\Controllers\Principal.php(116): App\Models\productosModel->obtenerProducto(Array)
#2 C:\xampp\htdocs\tienda2\system\CodeIgniter.php(824): App\Controllers\Principal->comprar()
#3 C:\xampp\htdocs\tienda2\system\CodeIgniter.php(410): CodeIgniter\CodeIgniter->runController(Object(App\Controllers\Principal))
#4 C:\xampp\htdocs\tienda2\system\CodeIgniter.php(318): CodeIgniter\CodeIgniter->handleRequest(NULL, Object(Config\Cache), false)
#5 C:\xampp\htdocs\tienda2\public\index.php(37): CodeIgniter\CodeIgniter->run()
#6 {main}
CRITICAL - 2022-01-31 07:48:42 --> Undefined variable $precio
#0 C:\xampp\htdocs\tienda2\app\Views\usuarios\comprar.php(2): CodeIgniter\Debug\Exceptions->errorHandler(2, 'Undefined varia...', 'C:\\xampp\\htdocs...', 2)
#1 C:\xampp\htdocs\tienda2\system\View\View.php(214): include('C:\\xampp\\htdocs...')
#2 C:\xampp\htdocs\tienda2\system\View\View.php(217): CodeIgniter\View\View->CodeIgniter\View\{closure}()
#3 C:\xampp\htdocs\tienda2\system\Common.php(1097): CodeIgniter\View\View->render('usuarios/compra...', Array, true)
#4 C:\xampp\htdocs\tienda2\app\Controllers\Principal.php(130): view('usuarios/compra...', Array)
#5 C:\xampp\htdocs\tienda2\system\CodeIgniter.php(824): App\Controllers\Principal->comprar()
#6 C:\xampp\htdocs\tienda2\system\CodeIgniter.php(410): CodeIgniter\CodeIgniter->runController(Object(App\Controllers\Principal))
#7 C:\xampp\htdocs\tienda2\system\CodeIgniter.php(318): CodeIgniter\CodeIgniter->handleRequest(NULL, Object(Config\Cache), false)
#8 C:\xampp\htdocs\tienda2\public\index.php(37): CodeIgniter\CodeIgniter->run()
#9 {main}
CRITICAL - 2022-01-31 08:04:19 --> syntax error, unexpected token "class"
#0 C:\xampp\htdocs\tienda2\system\Router\Router.php(176): CodeIgniter\Router\Router->autoRoute('principal/compr...')
#1 C:\xampp\htdocs\tienda2\system\CodeIgniter.php(718): CodeIgniter\Router\Router->handle('principal/compr...')
#2 C:\xampp\htdocs\tienda2\system\CodeIgniter.php(359): CodeIgniter\CodeIgniter->tryToRouteIt(Object(CodeIgniter\Router\RouteCollection))
#3 C:\xampp\htdocs\tienda2\system\CodeIgniter.php(318): CodeIgniter\CodeIgniter->handleRequest(NULL, Object(Config\Cache), false)
#4 C:\xampp\htdocs\tienda2\public\index.php(37): CodeIgniter\CodeIgniter->run()
#5 {main}
ERROR - 2022-01-31 09:27:17 --> Cannot add or update a child row: a foreign key constraint fails (`tienda`.`compras`, CONSTRAINT `compras_ibfk_1` FOREIGN KEY (`correo`) REFERENCES `usuarios` (`correo`))
CRITICAL - 2022-01-31 09:27:17 --> Cannot add or update a child row: a foreign key constraint fails (`tienda`.`compras`, CONSTRAINT `compras_ibfk_1` FOREIGN KEY (`correo`) REFERENCES `usuarios` (`correo`))
#0 C:\xampp\htdocs\tienda2\system\Database\MySQLi\Connection.php(292): mysqli->query('INSERT INTO `co...', 0)
#1 C:\xampp\htdocs\tienda2\system\Database\BaseConnection.php(670): CodeIgniter\Database\MySQLi\Connection->execute('INSERT INTO `co...')
#2 C:\xampp\htdocs\tienda2\system\Database\BaseConnection.php(598): CodeIgniter\Database\BaseConnection->simpleQuery('INSERT INTO `co...')
#3 C:\xampp\htdocs\tienda2\app\Views\usuarios\comprar.php(7): CodeIgniter\Database\BaseConnection->query('INSERT INTO `co...')
#4 C:\xampp\htdocs\tienda2\system\View\View.php(214): include('C:\\xampp\\htdocs...')
#5 C:\xampp\htdocs\tienda2\system\View\View.php(217): CodeIgniter\View\View->CodeIgniter\View\{closure}()
#6 C:\xampp\htdocs\tienda2\system\Common.php(1097): CodeIgniter\View\View->render('usuarios/compra...', Array, true)
#7 C:\xampp\htdocs\tienda2\app\Controllers\Principal.php(130): view('usuarios/compra...', Array)
#8 C:\xampp\htdocs\tienda2\system\CodeIgniter.php(824): App\Controllers\Principal->comprar()
#9 C:\xampp\htdocs\tienda2\system\CodeIgniter.php(410): CodeIgniter\CodeIgniter->runController(Object(App\Controllers\Principal))
#10 C:\xampp\htdocs\tienda2\system\CodeIgniter.php(318): CodeIgniter\CodeIgniter->handleRequest(NULL, Object(Config\Cache), false)
#11 C:\xampp\htdocs\tienda2\public\index.php(37): CodeIgniter\CodeIgniter->run()
#12 {main}
CRITICAL - 2022-01-31 09:48:07 --> Call to undefined function current_timestamp()
#0 C:\xampp\htdocs\tienda2\system\View\View.php(214): include()
#1 C:\xampp\htdocs\tienda2\system\View\View.php(217): CodeIgniter\View\View->CodeIgniter\View\{closure}()
#2 C:\xampp\htdocs\tienda2\system\Common.php(1097): CodeIgniter\View\View->render('usuarios/compra...', Array, true)
#3 C:\xampp\htdocs\tienda2\app\Controllers\Principal.php(130): view('usuarios/compra...', Array)
#4 C:\xampp\htdocs\tienda2\system\CodeIgniter.php(824): App\Controllers\Principal->comprar()
#5 C:\xampp\htdocs\tienda2\system\CodeIgniter.php(410): CodeIgniter\CodeIgniter->runController(Object(App\Controllers\Principal))
#6 C:\xampp\htdocs\tienda2\system\CodeIgniter.php(318): CodeIgniter\CodeIgniter->handleRequest(NULL, Object(Config\Cache), false)
#7 C:\xampp\htdocs\tienda2\public\index.php(37): CodeIgniter\CodeIgniter->run()
#8 {main}
CRITICAL - 2022-01-31 10:23:32 --> Undefined variable $request
#0 C:\xampp\htdocs\tienda2\app\Controllers\Principal.php(25): CodeIgniter\Debug\Exceptions->errorHandler(2, 'Undefined varia...', 'C:\\xampp\\htdocs...', 25)
#1 C:\xampp\htdocs\tienda2\system\CodeIgniter.php(824): App\Controllers\Principal->guardar()
#2 C:\xampp\htdocs\tienda2\system\CodeIgniter.php(410): CodeIgniter\CodeIgniter->runController(Object(App\Controllers\Principal))
#3 C:\xampp\htdocs\tienda2\system\CodeIgniter.php(318): CodeIgniter\CodeIgniter->handleRequest(NULL, Object(Config\Cache), false)
#4 C:\xampp\htdocs\tienda2\public\index.php(37): CodeIgniter\CodeIgniter->run()
#5 {main}
CRITICAL - 2022-01-31 10:24:19 --> Undefined variable $db
#0 C:\xampp\htdocs\tienda2\app\Controllers\Principal.php(34): CodeIgniter\Debug\Exceptions->errorHandler(2, 'Undefined varia...', 'C:\\xampp\\htdocs...', 34)
#1 C:\xampp\htdocs\tienda2\system\CodeIgniter.php(824): App\Controllers\Principal->guardar()
#2 C:\xampp\htdocs\tienda2\system\CodeIgniter.php(410): CodeIgniter\CodeIgniter->runController(Object(App\Controllers\Principal))
#3 C:\xampp\htdocs\tienda2\system\CodeIgniter.php(318): CodeIgniter\CodeIgniter->handleRequest(NULL, Object(Config\Cache), false)
#4 C:\xampp\htdocs\tienda2\public\index.php(37): CodeIgniter\CodeIgniter->run()
#5 {main}
CRITICAL - 2022-01-31 10:24:51 --> mysqli_query(): Argument #1 ($mysql) must be of type mysqli, CodeIgniter\Database\MySQLi\Connection given
#0 C:\xampp\htdocs\tienda2\app\Controllers\Principal.php(34): mysqli_query(Object(CodeIgniter\Database\MySQLi\Connection), 'SELECT COUNT(*)...')
#1 C:\xampp\htdocs\tienda2\system\CodeIgniter.php(824): App\Controllers\Principal->guardar()
#2 C:\xampp\htdocs\tienda2\system\CodeIgniter.php(410): CodeIgniter\CodeIgniter->runController(Object(App\Controllers\Principal))
#3 C:\xampp\htdocs\tienda2\system\CodeIgniter.php(318): CodeIgniter\CodeIgniter->handleRequest(NULL, Object(Config\Cache), false)
#4 C:\xampp\htdocs\tienda2\public\index.php(37): CodeIgniter\CodeIgniter->run()
#5 {main}
CRITICAL - 2022-01-31 10:26:32 --> Undefined variable $correo
#0 C:\xampp\htdocs\tienda2\app\Controllers\Principal.php(27): CodeIgniter\Debug\Exceptions->errorHandler(2, 'Undefined varia...', 'C:\\xampp\\htdocs...', 27)
#1 C:\xampp\htdocs\tienda2\system\CodeIgniter.php(824): App\Controllers\Principal->guardar()
#2 C:\xampp\htdocs\tienda2\system\CodeIgniter.php(410): CodeIgniter\CodeIgniter->runController(Object(App\Controllers\Principal))
#3 C:\xampp\htdocs\tienda2\system\CodeIgniter.php(318): CodeIgniter\CodeIgniter->handleRequest(NULL, Object(Config\Cache), false)
#4 C:\xampp\htdocs\tienda2\public\index.php(37): CodeIgniter\CodeIgniter->run()
#5 {main}
CRITICAL - 2022-01-31 10:26:53 --> Undefined variable $db
#0 C:\xampp\htdocs\tienda2\app\Controllers\Principal.php(46): CodeIgniter\Debug\Exceptions->errorHandler(2, 'Undefined varia...', 'C:\\xampp\\htdocs...', 46)
#1 C:\xampp\htdocs\tienda2\system\CodeIgniter.php(824): App\Controllers\Principal->guardar()
#2 C:\xampp\htdocs\tienda2\system\CodeIgniter.php(410): CodeIgniter\CodeIgniter->runController(Object(App\Controllers\Principal))
#3 C:\xampp\htdocs\tienda2\system\CodeIgniter.php(318): CodeIgniter\CodeIgniter->handleRequest(NULL, Object(Config\Cache), false)
#4 C:\xampp\htdocs\tienda2\public\index.php(37): CodeIgniter\CodeIgniter->run()
#5 {main}
